Using pre-set license
Built from '2022.3/staging' branch; Version is '2022.3.8f1 (b5eafc012955) revision 11922172'; Using compiler version '192829333'; Build Type 'Release'
OS: 'Windows 11  (10.0.22631) 64bit Professional' Language: 'ko' Physical Memory: 16316 MB
BatchMode: 1, IsHumanControllingUs: 0, StartBugReporterOnCrash: 0, Is64bit: 1, IsPro: 1

COMMAND LINE ARGUMENTS:
C:\Program Files\Unity\Hub\Editor\2022.3.8f1\Editor\Unity.exe
-adb2
-batchMode
-noUpm
-name
AssetImportWorker7
-projectPath
C:/Users/jkl01/Desktop/fireEscapeSimulation01
-logFile
Logs/AssetImportWorker7.log
-srvPort
61029
Successfully changed project path to: C:/Users/jkl01/Desktop/fireEscapeSimulation01
C:/Users/jkl01/Desktop/fireEscapeSimulation01
[UnityMemory] Configuration Parameters - Can be set up in boot.config
    "memorysetup-bucket-allocator-granularity=16"
    "memorysetup-bucket-allocator-bucket-count=8"
    "memorysetup-bucket-allocator-block-size=33554432"
    "memorysetup-bucket-allocator-block-count=8"
    "memorysetup-main-allocator-block-size=16777216"
    "memorysetup-thread-allocator-block-size=16777216"
    "memorysetup-gfx-main-allocator-block-size=16777216"
    "memorysetup-gfx-thread-allocator-block-size=16777216"
    "memorysetup-cache-allocator-block-size=4194304"
    "memorysetup-typetree-allocator-block-size=2097152"
    "memorysetup-profiler-bucket-allocator-granularity=16"
    "memorysetup-profiler-bucket-allocator-bucket-count=8"
    "memorysetup-profiler-bucket-allocator-block-size=33554432"
    "memorysetup-profiler-bucket-allocator-block-count=8"
    "memorysetup-profiler-allocator-block-size=16777216"
    "memorysetup-profiler-editor-allocator-block-size=1048576"
    "memorysetup-temp-allocator-size-main=16777216"
    "memorysetup-job-temp-allocator-block-size=2097152"
    "memorysetup-job-temp-allocator-block-size-background=1048576"
    "memorysetup-job-temp-allocator-reduction-small-platforms=262144"
    "memorysetup-allocator-temp-initial-block-size-main=262144"
    "memorysetup-allocator-temp-initial-block-size-worker=262144"
    "memorysetup-temp-allocator-size-background-worker=32768"
    "memorysetup-temp-allocator-size-job-worker=262144"
    "memorysetup-temp-allocator-size-preload-manager=33554432"
    "memorysetup-temp-allocator-size-nav-mesh-worker=65536"
    "memorysetup-temp-allocator-size-audio-worker=65536"
    "memorysetup-temp-allocator-size-cloud-worker=32768"
    "memorysetup-temp-allocator-size-gi-baking-worker=262144"
    "memorysetup-temp-allocator-size-gfx=262144"
Player connection [7300] Host "[IP] 192.168.35.153 [Port] 0 [Flags] 2 [Guid] 3749806799 [EditorId] 3749806799 [Version] 1048832 [Id] WindowsEditor(7,kimhyunsoo) [Debug] 1 [PackageName] WindowsEditor [ProjectName] Editor" joined multi-casting on [225.0.0.222:54997]...

Player connection [7300] Host "[IP] 192.168.35.153 [Port] 0 [Flags] 2 [Guid] 3749806799 [EditorId] 3749806799 [Version] 1048832 [Id] WindowsEditor(7,kimhyunsoo) [Debug] 1 [PackageName] WindowsEditor [ProjectName] Editor" joined alternative multi-casting on [225.0.0.222:34997]...

[Physics::Module] Initialized MultithreadedJobDispatcher with 11 workers.
Refreshing native plugins compatible for Editor in 16.90 ms, found 9 plugins.
Preloading 2 native plugins for Editor in 2.27 ms.
Initialize engine version: 2022.3.8f1 (b5eafc012955)
[Subsystems] Discovering subsystems at path C:/Program Files/Unity/Hub/Editor/2022.3.8f1/Editor/Data/Resources/UnitySubsystems
[Subsystems] Discovering subsystems at path C:/Users/jkl01/Desktop/fireEscapeSimulation01/Assets
GfxDevice: creating device client; threaded=0; jobified=0
Direct3D:
    Version:  Direct3D 11.0 [level 11.1]
    Renderer: NVIDIA GeForce GTX 1660 SUPER (ID=0x21c4)
    Vendor:   NVIDIA
    VRAM:     5992 MB
    Driver:   27.21.14.5671
Shader 'Oculus/OVRMRCameraFrameLit': fallback shader 'Alpha-Diffuse' not found
Initialize mono
Mono path[0] = 'C:/Program Files/Unity/Hub/Editor/2022.3.8f1/Editor/Data/Managed'
Mono path[1] = 'C:/Program Files/Unity/Hub/Editor/2022.3.8f1/Editor/Data/MonoBleedingEdge/lib/mono/unityjit-win32'
Mono config path = 'C:/Program Files/Unity/Hub/Editor/2022.3.8f1/Editor/Data/MonoBleedingEdge/etc'
Using monoOptions --debugger-agent=transport=dt_socket,embedding=1,server=y,suspend=n,address=127.0.0.1:56196
Begin MonoManager ReloadAssembly
Registering precompiled unity dll's ...
Register platform support module: C:/Program Files/Unity/Hub/Editor/2022.3.8f1/Editor/Data/PlaybackEngines/WindowsStandaloneSupport/UnityEditor.WindowsStandalone.Extensions.dll
Registered in 0.008174 seconds.
- Loaded All Assemblies, in  0.339 seconds
Native extension for WindowsStandalone target not found
Mono: successfully reloaded assembly
- Finished resetting the current domain, in  0.263 seconds
Domain Reload Profiling: 600ms
	BeginReloadAssembly (103ms)
		ExecutionOrderSort (0ms)
		DisableScriptedObjects (0ms)
		BackupInstance (0ms)
		ReleaseScriptingObjects (0ms)
		CreateAndSetChildDomain (1ms)
	RebuildCommonClasses (32ms)
	RebuildNativeTypeToScriptingClass (11ms)
	initialDomainReloadingComplete (58ms)
	LoadAllAssembliesAndSetupDomain (134ms)
		LoadAssemblies (101ms)
		RebuildTransferFunctionScriptingTraits (0ms)
		AnalyzeDomain (132ms)
			TypeCache.Refresh (131ms)
				TypeCache.ScanAssembly (118ms)
			ScanForSourceGeneratedMonoScriptInfo (0ms)
			ResolveRequiredComponents (0ms)
	FinalizeReload (263ms)
		ReleaseScriptCaches (0ms)
		RebuildScriptCaches (0ms)
		SetupLoadedEditorAssemblies (204ms)
			LogAssemblyErrors (0ms)
			InitializePlatformSupportModulesInManaged (9ms)
			SetLoadedEditorAssemblies (7ms)
			RefreshPlugins (0ms)
			BeforeProcessingInitializeOnLoad (2ms)
			ProcessInitializeOnLoadAttributes (130ms)
			ProcessInitializeOnLoadMethodAttributes (55ms)
			AfterProcessingInitializeOnLoad (0ms)
			EditorAssembliesLoaded (0ms)
		ExecutionOrderSort2 (0ms)
		AwakeInstancesAfterBackupRestoration (0ms)
========================================================================
Worker process is ready to serve import requests
Begin MonoManager ReloadAssembly
- Loaded All Assemblies, in  0.690 seconds
Refreshing native plugins compatible for Editor in 11.28 ms, found 9 plugins.
Native extension for WindowsStandalone target not found
Package Manager log level set to [2]
[Package Manager] Server::EnsureServerProcessIsRunning -- launch failed, reason: Unity was launched with the -noUpm command-line argument
[Package Manager] UpmClient::Send -- Unable to send message (not connected to UPM process).
[Package Manager] Cannot connect to Unity Package Manager local server
[Package Manager] Server::EnsureServerProcessIsRunning -- launch failed, reason: Unity was launched with the -noUpm command-line argument
[Package Manager] UpmClient::Send -- Unable to send message (not connected to UPM process).
[Package Manager] Cannot connect to Unity Package Manager local server
[XR] OculusXRPlugin: registering subsystems
[XR] Unable to register display lifecyle provider: [1]
[XR] Oculus Input lifecycle provider registered.
[XR] Unable to register input lifecyle provider: [1]
[XR] OVRP version 1.89.0
Mono: successfully reloaded assembly
[Package Manager] Server::EnsureServerProcessIsRunning -- launch failed, reason: Unity was launched with the -noUpm command-line argument
[Package Manager] UpmClient::Send -- Unable to send message (not connected to UPM process).
[Package Manager] Cannot connect to Unity Package Manager local server
[Package Manager] Server::EnsureServerProcessIsRunning -- launch failed, reason: Unity was launched with the -noUpm command-line argument
[Package Manager] UpmClient::Send -- Unable to send message (not connected to UPM process).
[Package Manager] Cannot connect to Unity Package Manager local server
- Finished resetting the current domain, in  0.727 seconds
Domain Reload Profiling: 1413ms
	BeginReloadAssembly (142ms)
		ExecutionOrderSort (0ms)
		DisableScriptedObjects (5ms)
		BackupInstance (0ms)
		ReleaseScriptingObjects (0ms)
		CreateAndSetChildDomain (19ms)
	RebuildCommonClasses (34ms)
	RebuildNativeTypeToScriptingClass (11ms)
	initialDomainReloadingComplete (40ms)
	LoadAllAssembliesAndSetupDomain (460ms)
		LoadAssemblies (308ms)
		RebuildTransferFunctionScriptingTraits (0ms)
		AnalyzeDomain (236ms)
			TypeCache.Refresh (189ms)
				TypeCache.ScanAssembly (170ms)
			ScanForSourceGeneratedMonoScriptInfo (31ms)
			ResolveRequiredComponents (15ms)
	FinalizeReload (727ms)
		ReleaseScriptCaches (0ms)
		RebuildScriptCaches (0ms)
		SetupLoadedEditorAssemblies (538ms)
			LogAssemblyErrors (0ms)
			InitializePlatformSupportModulesInManaged (6ms)
			SetLoadedEditorAssemblies (6ms)
			RefreshPlugins (0ms)
			BeforeProcessingInitializeOnLoad (88ms)
			ProcessInitializeOnLoadAttributes (407ms)
			ProcessInitializeOnLoadMethodAttributes (23ms)
			AfterProcessingInitializeOnLoad (8ms)
			EditorAssembliesLoaded (0ms)
		ExecutionOrderSort2 (0ms)
		AwakeInstancesAfterBackupRestoration (13ms)
Shader 'Oculus/OVRMRCameraFrameLit': fallback shader 'Alpha-Diffuse' not found
Launched and connected shader compiler UnityShaderCompiler.exe after 0.04 seconds
Refreshing native plugins compatible for Editor in 11.13 ms, found 9 plugins.
Preloading 2 native plugins for Editor in 0.09 ms.
Unloading 5096 Unused Serialized files (Serialized files now loaded: 0)
Unloading 75 unused Assets / (451.2 KB). Loaded Objects now: 5534.
Memory consumption went from 197.9 MB to 197.5 MB.
Total: 3.775000 ms (FindLiveObjects: 0.358500 ms CreateObjectMapping: 0.318700 ms MarkObjects: 2.891800 ms  DeleteObjects: 0.205300 ms)

AssetImportParameters requested are different than current active one (requested -> active):
  custom:container-demuxer-ogg: 62fdf1f143b41e24485cea50d1cbac27 -> 
  custom:video-decoder-ogg-theora: a1e56fd34408186e4bbccfd4996cb3dc -> 
  custom:framework-win-MediaFoundation: 216162199b28c13a410421893ffa2e32 -> 
  custom:CustomObjectIndexerAttribute: 756ad292c208cfabdd7b50bc23989ffe -> 
  custom:container-demuxer-webm: 4f35f7cbe854078d1ac9338744f61a02 -> 
  custom:container-muxer-webm: aa71ff27fc2769a1b78a27578f13a17b -> 
  custom:video-decoder-webm-vp8: 9c59270c3fd7afecdb556c50c9e8de78 -> 
  custom:SearchIndexIgnoredProperties: e643bd26f0fe6173181afceb89e7c659 -> 
  custom:AudioImporter_EditorPlatform: d09bf68614088b80899f8185d706f6e7 -> 
  custom:video-encoder-webm-vp8: eb34c28f22e8b96e1ab97ce403110664 -> 
  custom:audio-decoder-ogg-vorbis: bf7c407c2cedff20999df2af8eb42d56 -> 
  custom:audio-encoder-webm-vorbis: bf7c407c2cedff20999df2af8eb42d56 -> 
========================================================================
Received Import Request.
  Time since last request: 488972.951287 seconds.
  path: Assets/Oculus/SampleFramework/Usage/Passthrough/Materials/EdgeGlow.tga
  artifactKey: Guid(fb7fa0fc41f43754b862769848783352) Importer(815301076,1909f56bfc062723c751e8b465ee728b)
Start importing Assets/Oculus/SampleFramework/Usage/Passthrough/Materials/EdgeGlow.tga using Guid(fb7fa0fc41f43754b862769848783352) Importer(815301076,1909f56bfc062723c751e8b465ee728b)  -> (artifact id: '242a90b20a93f4568013b3ff198d3a60') in 0.063874 seconds
Number of updated asset objects reloaded before import = 0
Number of asset objects unloaded after import = 2
========================================================================
Received Import Request.
  Time since last request: 20.495085 seconds.
  path: Assets/Oculus/SampleFramework/Core/DebugUI/Fonts/Montserrat/Montserrat-Light.ttf
  artifactKey: Guid(4c90d3c4d98a33647872e06a6f654f9f) Importer(815301076,1909f56bfc062723c751e8b465ee728b)
Start importing Assets/Oculus/SampleFramework/Core/DebugUI/Fonts/Montserrat/Montserrat-Light.ttf using Guid(4c90d3c4d98a33647872e06a6f654f9f) Importer(815301076,1909f56bfc062723c751e8b465ee728b)  -> (artifact id: '9cfd8c48d791fc98636b246f9e348e56') in 0.062173 seconds
Number of updated asset objects reloaded before import = 0
Number of asset objects unloaded after import = 4
========================================================================
Received Import Request.
  Time since last request: 1.952862 seconds.
  path: Assets/Oculus/SampleFramework/Usage/Passthrough/Materials/skybox/front.jpg
  artifactKey: Guid(dd830400beec6460ba1f963e20ea1815) Importer(815301076,1909f56bfc062723c751e8b465ee728b)
Start importing Assets/Oculus/SampleFramework/Usage/Passthrough/Materials/skybox/front.jpg using Guid(dd830400beec6460ba1f963e20ea1815) Importer(815301076,1909f56bfc062723c751e8b465ee728b)  -> (artifact id: 'e74e9e1000816d8c6cded122f79b6ff0') in 0.018812 seconds
Number of updated asset objects reloaded before import = 0
Number of asset objects unloaded after import = 2
========================================================================
Received Import Request.
  Time since last request: 0.006437 seconds.
  path: Assets/Brick Project Studio/Apartment Kit/_BPS Basic Assets/_Prefabs/Common/Textures/Basic Asset/Int_BA_02.png
  artifactKey: Guid(a7d954ba596ba994bbcc72a405b61589) Importer(815301076,1909f56bfc062723c751e8b465ee728b)
Start importing Assets/Brick Project Studio/Apartment Kit/_BPS Basic Assets/_Prefabs/Common/Textures/Basic Asset/Int_BA_02.png using Guid(a7d954ba596ba994bbcc72a405b61589) Importer(815301076,1909f56bfc062723c751e8b465ee728b)  -> (artifact id: '2cde53c4504f1c9d4d2408d96816458e') in 0.026381 seconds
Number of updated asset objects reloaded before import = 0
Number of asset objects unloaded after import = 2
========================================================================
Received Import Request.
  Time since last request: 0.001832 seconds.
  path: Assets/Oculus/Interaction/Samples/Objects/Props/Key/Textures/keyTexture.png
  artifactKey: Guid(c704ccf98609c79458c5816c029a99de) Importer(815301076,1909f56bfc062723c751e8b465ee728b)
Start importing Assets/Oculus/Interaction/Samples/Objects/Props/Key/Textures/keyTexture.png using Guid(c704ccf98609c79458c5816c029a99de) Importer(815301076,1909f56bfc062723c751e8b465ee728b)  -> (artifact id: '9af48967f8fd65252308d14991341194') in 0.018950 seconds
Number of updated asset objects reloaded before import = 0
Number of asset objects unloaded after import = 2
========================================================================
Received Import Request.
  Time since last request: 0.603652 seconds.
  path: Assets/PostProcessingVolume/PostProcessing/Resources/Bluenoise64/LDR_LLL1_2.png
  artifactKey: Guid(a469f920b21fc7c4fb5b950917ce2fb2) Importer(815301076,1909f56bfc062723c751e8b465ee728b)
Start importing Assets/PostProcessingVolume/PostProcessing/Resources/Bluenoise64/LDR_LLL1_2.png using Guid(a469f920b21fc7c4fb5b950917ce2fb2) Importer(815301076,1909f56bfc062723c751e8b465ee728b)  -> (artifact id: '088e327ac7eea08c8e9c168415bf8b16') in 0.017153 seconds
Number of updated asset objects reloaded before import = 0
Number of asset objects unloaded after import = 2
========================================================================
Received Import Request.
  Time since last request: 0.000015 seconds.
  path: Assets/PostProcessingVolume/PostProcessing/Resources/Bluenoise64/LDR_LLL1_5.png
  artifactKey: Guid(a1ae041906217ae44a774d4ca139af50) Importer(815301076,1909f56bfc062723c751e8b465ee728b)
Start importing Assets/PostProcessingVolume/PostProcessing/Resources/Bluenoise64/LDR_LLL1_5.png using Guid(a1ae041906217ae44a774d4ca139af50) Importer(815301076,1909f56bfc062723c751e8b465ee728b)  -> (artifact id: 'd1f5979474e07eed2f0bde2293f8e36a') in 0.017489 seconds
Number of updated asset objects reloaded before import = 0
Number of asset objects unloaded after import = 2
========================================================================
Received Import Request.
  Time since last request: 0.000014 seconds.
  path: Assets/PostProcessingVolume/PostProcessing/Resources/Bluenoise64/LDR_LLL1_8.png
  artifactKey: Guid(c55042318a938344ab23cd7f09dd0076) Importer(815301076,1909f56bfc062723c751e8b465ee728b)
Start importing Assets/PostProcessingVolume/PostProcessing/Resources/Bluenoise64/LDR_LLL1_8.png using Guid(c55042318a938344ab23cd7f09dd0076) Importer(815301076,1909f56bfc062723c751e8b465ee728b)  -> (artifact id: '55c2d7f7414d2a415f9f274b3db82ce8') in 0.015971 seconds
Number of updated asset objects reloaded before import = 0
Number of asset objects unloaded after import = 2
========================================================================
Received Import Request.
  Time since last request: 0.011890 seconds.
  path: Assets/PostProcessingVolume/PostProcessing/Resources/Bluenoise64/LDR_LLL1_11.png
  artifactKey: Guid(771903fe7b4674445829e52e91cff019) Importer(815301076,1909f56bfc062723c751e8b465ee728b)
Start importing Assets/PostProcessingVolume/PostProcessing/Resources/Bluenoise64/LDR_LLL1_11.png using Guid(771903fe7b4674445829e52e91cff019) Importer(815301076,1909f56bfc062723c751e8b465ee728b)  -> (artifact id: 'bc6a4f5281f7f2b5abf60be36ec44a78') in 0.017090 seconds
Number of updated asset objects reloaded before import = 0
Number of asset objects unloaded after import = 2
========================================================================
Received Import Request.
  Time since last request: 0.567501 seconds.
  path: Assets/PostProcessingVolume/PostProcessing/Resources/Bluenoise64/LDR_LLL1_15.png
  artifactKey: Guid(2ee161d8945169243b5698fec114e1b7) Importer(815301076,1909f56bfc062723c751e8b465ee728b)
Start importing Assets/PostProcessingVolume/PostProcessing/Resources/Bluenoise64/LDR_LLL1_15.png using Guid(2ee161d8945169243b5698fec114e1b7) Importer(815301076,1909f56bfc062723c751e8b465ee728b)  -> (artifact id: '02114c0c50bbdbedbdeac76852f527a5') in 0.015619 seconds
Number of updated asset objects reloaded before import = 0
Number of asset objects unloaded after import = 2
========================================================================
Received Import Request.
  Time since last request: 0.000016 seconds.
  path: Assets/PostProcessingVolume/PostProcessing/Resources/Bluenoise64/LDR_LLL1_18.png
  artifactKey: Guid(74aca53eb7273624baffc2bf5e5cc173) Importer(815301076,1909f56bfc062723c751e8b465ee728b)
Start importing Assets/PostProcessingVolume/PostProcessing/Resources/Bluenoise64/LDR_LLL1_18.png using Guid(74aca53eb7273624baffc2bf5e5cc173) Importer(815301076,1909f56bfc062723c751e8b465ee728b)  -> (artifact id: '87c1b267122c09737d1ec0562a275d4f') in 0.019053 seconds
Number of updated asset objects reloaded before import = 0
Number of asset objects unloaded after import = 2
========================================================================
Received Import Request.
  Time since last request: 0.000015 seconds.
  path: Assets/PostProcessingVolume/PostProcessing/Resources/Bluenoise64/LDR_LLL1_21.png
  artifactKey: Guid(b7f000750830ddb4bbc80065b9314ce9) Importer(815301076,1909f56bfc062723c751e8b465ee728b)
Start importing Assets/PostProcessingVolume/PostProcessing/Resources/Bluenoise64/LDR_LLL1_21.png using Guid(b7f000750830ddb4bbc80065b9314ce9) Importer(815301076,1909f56bfc062723c751e8b465ee728b)  -> (artifact id: '97aee271b320be6ce28ceac5a6e1b755') in 0.017757 seconds
Number of updated asset objects reloaded before import = 0
Number of asset objects unloaded after import = 2
========================================================================
Received Import Request.
  Time since last request: 0.013128 seconds.
  path: Assets/PostProcessingVolume/PostProcessing/Resources/Bluenoise64/LDR_LLL1_25.png
  artifactKey: Guid(f4b8ab78b57749d4e96d36f6d8a395d0) Importer(815301076,1909f56bfc062723c751e8b465ee728b)
Start importing Assets/PostProcessingVolume/PostProcessing/Resources/Bluenoise64/LDR_LLL1_25.png using Guid(f4b8ab78b57749d4e96d36f6d8a395d0) Importer(815301076,1909f56bfc062723c751e8b465ee728b)  -> (artifact id: '4e481cfc7dca66942ada4b55783f1d3f') in 0.016415 seconds
Number of updated asset objects reloaded before import = 0
Number of asset objects unloaded after import = 2
========================================================================
Received Import Request.
  Time since last request: 0.000019 seconds.
  path: Assets/PostProcessingVolume/PostProcessing/Resources/Bluenoise64/LDR_LLL1_28.png
  artifactKey: Guid(02c0a84bd64c6f044954d8bde9b46ec8) Importer(815301076,1909f56bfc062723c751e8b465ee728b)
Start importing Assets/PostProcessingVolume/PostProcessing/Resources/Bluenoise64/LDR_LLL1_28.png using Guid(02c0a84bd64c6f044954d8bde9b46ec8) Importer(815301076,1909f56bfc062723c751e8b465ee728b)  -> (artifact id: 'dd7994be97666045fd5c2ed83c45cd71') in 0.017182 seconds
Number of updated asset objects reloaded before import = 0
Number of asset objects unloaded after import = 2
========================================================================
Received Import Request.
  Time since last request: 0.039681 seconds.
  path: Assets/PostProcessingVolume/PostProcessing/Resources/Bluenoise64/LDR_LLL1_33.png
  artifactKey: Guid(b71bb466b71fd13449dd736f63caeb67) Importer(815301076,1909f56bfc062723c751e8b465ee728b)
Start importing Assets/PostProcessingVolume/PostProcessing/Resources/Bluenoise64/LDR_LLL1_33.png using Guid(b71bb466b71fd13449dd736f63caeb67) Importer(815301076,1909f56bfc062723c751e8b465ee728b)  -> (artifact id: '1c390b2279f6ab0db381d7d0182d346a') in 0.017259 seconds
Number of updated asset objects reloaded before import = 0
Number of asset objects unloaded after import = 2
========================================================================
Received Import Request.
  Time since last request: 0.025223 seconds.
  path: Assets/PostProcessingVolume/PostProcessing/Resources/Bluenoise64/LDR_LLL1_60.png
  artifactKey: Guid(404fa8def46b1c447817e1ebdaa7144e) Importer(815301076,1909f56bfc062723c751e8b465ee728b)
Start importing Assets/PostProcessingVolume/PostProcessing/Resources/Bluenoise64/LDR_LLL1_60.png using Guid(404fa8def46b1c447817e1ebdaa7144e) Importer(815301076,1909f56bfc062723c751e8b465ee728b)  -> (artifact id: '7f7be05118179792dd887341f5ea3051') in 0.017320 seconds
Number of updated asset objects reloaded before import = 0
Number of asset objects unloaded after import = 2
========================================================================
Received Import Request.
  Time since last request: 0.000014 seconds.
  path: Assets/PostProcessingVolume/PostProcessing/Resources/Bluenoise64/LDR_LLL1_63.png
  artifactKey: Guid(4a11d65ce13d5f542a0ff136cc2f3fba) Importer(815301076,1909f56bfc062723c751e8b465ee728b)
Start importing Assets/PostProcessingVolume/PostProcessing/Resources/Bluenoise64/LDR_LLL1_63.png using Guid(4a11d65ce13d5f542a0ff136cc2f3fba) Importer(815301076,1909f56bfc062723c751e8b465ee728b)  -> (artifact id: 'fa82b013d21d64383c0f2109e13abe0d') in 0.019938 seconds
Number of updated asset objects reloaded before import = 0
Number of asset objects unloaded after import = 2
========================================================================
Received Import Request.
  Time since last request: 0.031514 seconds.
  path: Assets/PostProcessingVolume/PostProcessing/Textures/Lens Dirt/LensDirt03.png
  artifactKey: Guid(7a051dbda2d7bc447bee412427cd311e) Importer(815301076,1909f56bfc062723c751e8b465ee728b)
Start importing Assets/PostProcessingVolume/PostProcessing/Textures/Lens Dirt/LensDirt03.png using Guid(7a051dbda2d7bc447bee412427cd311e) Importer(815301076,1909f56bfc062723c751e8b465ee728b)  -> (artifact id: '94d50fb43fa5bf5e2c499f837a75113b') in 0.018877 seconds
Number of updated asset objects reloaded before import = 0
Number of asset objects unloaded after import = 2
========================================================================
Received Import Request.
  Time since last request: 0.000016 seconds.
  path: Assets/Oculus/SampleFramework/Usage/CustomHands/Lightmap-0_comp_light.exr
  artifactKey: Guid(e2f2d08d9f455a14fad088f364a731ae) Importer(815301076,1909f56bfc062723c751e8b465ee728b)
Start importing Assets/Oculus/SampleFramework/Usage/CustomHands/Lightmap-0_comp_light.exr using Guid(e2f2d08d9f455a14fad088f364a731ae) Importer(815301076,1909f56bfc062723c751e8b465ee728b)  -> (artifact id: 'e1a1a746db6aff20350b6c97706f88b9') in 0.032437 seconds
Number of updated asset objects reloaded before import = 0
Number of asset objects unloaded after import = 2
========================================================================
Received Import Request.
  Time since last request: 0.000023 seconds.
  path: Assets/Oculus/SampleFramework/Usage/HandsTrainExample/TrainScene/Lightmap-1_comp_dir.png
  artifactKey: Guid(52b8aafcaed21774ba86914203217502) Importer(815301076,1909f56bfc062723c751e8b465ee728b)
Start importing Assets/Oculus/SampleFramework/Usage/HandsTrainExample/TrainScene/Lightmap-1_comp_dir.png using Guid(52b8aafcaed21774ba86914203217502) Importer(815301076,1909f56bfc062723c751e8b465ee728b)  -> (artifact id: '208040718edcecc0d0f9520ca1e00834') in 0.020151 seconds
Number of updated asset objects reloaded before import = 0
Number of asset objects unloaded after import = 2
========================================================================
Received Import Request.
  Time since last request: 0.228349 seconds.
  path: Assets/Oculus/SampleFramework/Usage/HandsTrainExample/TrainScene/Lightmap-7_comp_dir.png
  artifactKey: Guid(a7945d9d9fd1a054dbbef692365c30be) Importer(815301076,1909f56bfc062723c751e8b465ee728b)
Start importing Assets/Oculus/SampleFramework/Usage/HandsTrainExample/TrainScene/Lightmap-7_comp_dir.png using Guid(a7945d9d9fd1a054dbbef692365c30be) Importer(815301076,1909f56bfc062723c751e8b465ee728b)  -> (artifact id: 'b3c2649dcd304477ef7cdcb06680b1fe') in 0.018656 seconds
Number of updated asset objects reloaded before import = 0
Number of asset objects unloaded after import = 2
========================================================================
Received Import Request.
  Time since last request: 0.000014 seconds.
  path: Assets/Oculus/SampleFramework/Usage/HandsTrainExample/TrainScene/Lightmap-12_comp_shadowmask.png
  artifactKey: Guid(a3dc0a4fa96ecd5499e315d093abe479) Importer(815301076,1909f56bfc062723c751e8b465ee728b)
Start importing Assets/Oculus/SampleFramework/Usage/HandsTrainExample/TrainScene/Lightmap-12_comp_shadowmask.png using Guid(a3dc0a4fa96ecd5499e315d093abe479) Importer(815301076,1909f56bfc062723c751e8b465ee728b)  -> (artifact id: '2f3a1f0d7643a4f8dd212d2b9bb3e21a') in 0.017258 seconds
Number of updated asset objects reloaded before import = 0
Number of asset objects unloaded after import = 2
========================================================================
Received Import Request.
  Time since last request: 0.000014 seconds.
  path: Assets/Oculus/SampleFramework/Usage/HandsTrainExample/TrainScene/Lightmap-13_comp_shadowmask.png
  artifactKey: Guid(bc458cbbc60567643b16e45b2247673f) Importer(815301076,1909f56bfc062723c751e8b465ee728b)
Start importing Assets/Oculus/SampleFramework/Usage/HandsTrainExample/TrainScene/Lightmap-13_comp_shadowmask.png using Guid(bc458cbbc60567643b16e45b2247673f) Importer(815301076,1909f56bfc062723c751e8b465ee728b)  -> (artifact id: '6cb5a7785b66b2743b7f398c0eef42cd') in 0.018501 seconds
Number of updated asset objects reloaded before import = 0
Number of asset objects unloaded after import = 2
========================================================================
Received Import Request.
  Time since last request: 0.000015 seconds.
  path: Assets/Oculus/SampleFramework/Usage/HandsTrainExample/TrainScene/Lightmap-15_comp_dir.png
  artifactKey: Guid(285e1c7c6f12ea548a4870ffb8c84d65) Importer(815301076,1909f56bfc062723c751e8b465ee728b)
Start importing Assets/Oculus/SampleFramework/Usage/HandsTrainExample/TrainScene/Lightmap-15_comp_dir.png using Guid(285e1c7c6f12ea548a4870ffb8c84d65) Importer(815301076,1909f56bfc062723c751e8b465ee728b)  -> (artifact id: '557e5f89c47523be88f701c117defbd9') in 0.017818 seconds
Number of updated asset objects reloaded before import = 0
Number of asset objects unloaded after import = 2
========================================================================
Received Import Request.
  Time since last request: 0.392744 seconds.
  path: Assets/Oculus/SampleFramework/Usage/HandsTrainExample/TrainScene/Lightmap-16_comp_light.exr
  artifactKey: Guid(2b80f3d1fe781ae4083c0fa7def4d9c2) Importer(815301076,1909f56bfc062723c751e8b465ee728b)
Start importing Assets/Oculus/SampleFramework/Usage/HandsTrainExample/TrainScene/Lightmap-16_comp_light.exr using Guid(2b80f3d1fe781ae4083c0fa7def4d9c2) Importer(815301076,1909f56bfc062723c751e8b465ee728b)  -> (artifact id: '5f0bfb9808d95aaf57113182fa6b7f71') in 0.019131 seconds
Number of updated asset objects reloaded before import = 0
Number of asset objects unloaded after import = 2
========================================================================
Received Import Request.
  Time since last request: 0.000014 seconds.
  path: Assets/Oculus/SampleFramework/Usage/HandsTrainExample/TrainScene/Lightmap-17_comp_light.exr
  artifactKey: Guid(191b589b307b46342abe653f8c0c36c5) Importer(815301076,1909f56bfc062723c751e8b465ee728b)
Start importing Assets/Oculus/SampleFramework/Usage/HandsTrainExample/TrainScene/Lightmap-17_comp_light.exr using Guid(191b589b307b46342abe653f8c0c36c5) Importer(815301076,1909f56bfc062723c751e8b465ee728b)  -> (artifact id: '0685322651f984587418022fe10f9702') in 0.018490 seconds
Number of updated asset objects reloaded before import = 0
Number of asset objects unloaded after import = 2
========================================================================
Received Import Request.
  Time since last request: 0.000014 seconds.
  path: Assets/Oculus/SampleFramework/Usage/HandsTrainExample/TrainScene/Lightmap-18_comp_light.exr
  artifactKey: Guid(3e894860a38dcf144be98cfc487af17d) Importer(815301076,1909f56bfc062723c751e8b465ee728b)
Start importing Assets/Oculus/SampleFramework/Usage/HandsTrainExample/TrainScene/Lightmap-18_comp_light.exr using Guid(3e894860a38dcf144be98cfc487af17d) Importer(815301076,1909f56bfc062723c751e8b465ee728b)  -> (artifact id: '21f04eb658044156a6af4efc928d697a') in 0.018409 seconds
Number of updated asset objects reloaded before import = 0
Number of asset objects unloaded after import = 2
========================================================================
Received Import Request.
  Time since last request: 0.028078 seconds.
  path: Assets/Oculus/SampleFramework/Usage/HandsTrainExample/TrainScene/Lightmap-20_comp_dir.png
  artifactKey: Guid(000eb29d488370a44b50b834f22844f7) Importer(815301076,1909f56bfc062723c751e8b465ee728b)
Start importing Assets/Oculus/SampleFramework/Usage/HandsTrainExample/TrainScene/Lightmap-20_comp_dir.png using Guid(000eb29d488370a44b50b834f22844f7) Importer(815301076,1909f56bfc062723c751e8b465ee728b)  -> (artifact id: '087e8d802aedb8593845e7ed986dcbaf') in 0.016846 seconds
Number of updated asset objects reloaded before import = 0
Number of asset objects unloaded after import = 2
========================================================================
Received Import Request.
  Time since last request: 0.050766 seconds.
  path: Assets/Oculus/SampleFramework/Usage/HandsTrainExample/TrainScene/Lightmap-21_comp_light.exr
  artifactKey: Guid(5c64dae39de35b64bbb10c84901b2578) Importer(815301076,1909f56bfc062723c751e8b465ee728b)
Start importing Assets/Oculus/SampleFramework/Usage/HandsTrainExample/TrainScene/Lightmap-21_comp_light.exr using Guid(5c64dae39de35b64bbb10c84901b2578) Importer(815301076,1909f56bfc062723c751e8b465ee728b)  -> (artifact id: 'ab48df8aeb46f91fc9708f7f60f987ef') in 0.016671 seconds
Number of updated asset objects reloaded before import = 0
Number of asset objects unloaded after import = 2
========================================================================
Received Import Request.
  Time since last request: 0.000014 seconds.
  path: Assets/Oculus/SampleFramework/Usage/HandsTrainExample/TrainScene/Lightmap-22_comp_light.exr
  artifactKey: Guid(22913af06b48e0345b87b22f4b990ed0) Importer(815301076,1909f56bfc062723c751e8b465ee728b)
Start importing Assets/Oculus/SampleFramework/Usage/HandsTrainExample/TrainScene/Lightmap-22_comp_light.exr using Guid(22913af06b48e0345b87b22f4b990ed0) Importer(815301076,1909f56bfc062723c751e8b465ee728b)  -> (artifact id: 'eac2dd7bd02c94ff9f82e0c93c869acb') in 0.016776 seconds
Number of updated asset objects reloaded before import = 0
Number of asset objects unloaded after import = 2
========================================================================
Received Import Request.
  Time since last request: 0.010924 seconds.
  path: Assets/Oculus/SampleFramework/Usage/HandsTrainExample/TrainScene/Lightmap-27_comp_dir.png
  artifactKey: Guid(6e83fb2ba2e14df43bc7c9b1a8c11623) Importer(815301076,1909f56bfc062723c751e8b465ee728b)
Start importing Assets/Oculus/SampleFramework/Usage/HandsTrainExample/TrainScene/Lightmap-27_comp_dir.png using Guid(6e83fb2ba2e14df43bc7c9b1a8c11623) Importer(815301076,1909f56bfc062723c751e8b465ee728b)  -> (artifact id: 'fbb2ef6cd6975ffb569baa3d328e94ec') in 0.016058 seconds
Number of updated asset objects reloaded before import = 0
Number of asset objects unloaded after import = 2
========================================================================
Received Import Request.
  Time since last request: 0.000015 seconds.
  path: Assets/Oculus/SampleFramework/Usage/HandsTrainExample/TrainScene/Lightmap-28_comp_dir.png
  artifactKey: Guid(d038d6b7c2b7e8c4fa39bf5762f3bd64) Importer(815301076,1909f56bfc062723c751e8b465ee728b)
Start importing Assets/Oculus/SampleFramework/Usage/HandsTrainExample/TrainScene/Lightmap-28_comp_dir.png using Guid(d038d6b7c2b7e8c4fa39bf5762f3bd64) Importer(815301076,1909f56bfc062723c751e8b465ee728b)  -> (artifact id: '4ec34abe7a332f9a51b4eedf0599eb2d') in 0.016372 seconds
Number of updated asset objects reloaded before import = 0
Number of asset objects unloaded after import = 2
========================================================================
Received Import Request.
  Time since last request: 0.000017 seconds.
  path: Assets/Oculus/SampleFramework/Usage/HandsTrainExample/TrainScene/Lightmap-28_comp_shadowmask.png
  artifactKey: Guid(19859e0c03452054887ceffabffc3b6f) Importer(815301076,1909f56bfc062723c751e8b465ee728b)
Start importing Assets/Oculus/SampleFramework/Usage/HandsTrainExample/TrainScene/Lightmap-28_comp_shadowmask.png using Guid(19859e0c03452054887ceffabffc3b6f) Importer(815301076,1909f56bfc062723c751e8b465ee728b)  -> (artifact id: 'e6b8116eff840240fe158814b08a47ab') in 0.017502 seconds
Number of updated asset objects reloaded before import = 0
Number of asset objects unloaded after import = 2
========================================================================
Received Import Request.
  Time since last request: 0.335729 seconds.
  path: Assets/Oculus/SampleFramework/Usage/HandsTrainExample/TrainScene/Lightmap-30_comp_shadowmask.png
  artifactKey: Guid(97f9dc047e6f5ae4ea1a4840bab51de7) Importer(815301076,1909f56bfc062723c751e8b465ee728b)
Start importing Assets/Oculus/SampleFramework/Usage/HandsTrainExample/TrainScene/Lightmap-30_comp_shadowmask.png using Guid(97f9dc047e6f5ae4ea1a4840bab51de7) Importer(815301076,1909f56bfc062723c751e8b465ee728b)  -> (artifact id: '7bd74ada1b131be381193c77a014518b') in 0.018819 seconds
Number of updated asset objects reloaded before import = 0
Number of asset objects unloaded after import = 2
========================================================================
Received Import Request.
  Time since last request: 0.000014 seconds.
  path: Assets/Oculus/SampleFramework/Usage/HandsTrainExample/TrainScene/Lightmap-38_comp_dir.png
  artifactKey: Guid(fb564ef5cddf2644d9d276fbda430b26) Importer(815301076,1909f56bfc062723c751e8b465ee728b)
Start importing Assets/Oculus/SampleFramework/Usage/HandsTrainExample/TrainScene/Lightmap-38_comp_dir.png using Guid(fb564ef5cddf2644d9d276fbda430b26) Importer(815301076,1909f56bfc062723c751e8b465ee728b)  -> (artifact id: '7e6bda15dbc9c0d4bf42751767346e3f') in 0.017254 seconds
Number of updated asset objects reloaded before import = 0
Number of asset objects unloaded after import = 2
========================================================================
Received Import Request.
  Time since last request: 0.000014 seconds.
  path: Assets/Oculus/SampleFramework/Usage/HandsTrainExample/TrainScene/Lightmap-39_comp_dir.png
  artifactKey: Guid(5d48c9be409ec174f9f15e927748d86e) Importer(815301076,1909f56bfc062723c751e8b465ee728b)
Start importing Assets/Oculus/SampleFramework/Usage/HandsTrainExample/TrainScene/Lightmap-39_comp_dir.png using Guid(5d48c9be409ec174f9f15e927748d86e) Importer(815301076,1909f56bfc062723c751e8b465ee728b)  -> (artifact id: '7462c6c5b199329dd8dfb0c373541503') in 0.016875 seconds
Number of updated asset objects reloaded before import = 0
Number of asset objects unloaded after import = 2
========================================================================
Received Import Request.
  Time since last request: 0.000016 seconds.
  path: Assets/Oculus/Voice/Documentation/Samples/LiveUnderstanding/LiveUnderstanding.jpg
  artifactKey: Guid(46f63a0a90188954eb3a578b4defe785) Importer(815301076,1909f56bfc062723c751e8b465ee728b)
Start importing Assets/Oculus/Voice/Documentation/Samples/LiveUnderstanding/LiveUnderstanding.jpg using Guid(46f63a0a90188954eb3a578b4defe785) Importer(815301076,1909f56bfc062723c751e8b465ee728b)  -> (artifact id: '1dc88c6256fdba68dbf007248fd688d9') in 0.021697 seconds
Number of updated asset objects reloaded before import = 0
Number of asset objects unloaded after import = 2
========================================================================
Received Import Request.
  Time since last request: 0.102505 seconds.
  path: Assets/Oculus/SampleFramework/Usage/OVROverlay/Textures/Loading.png
  artifactKey: Guid(4b1880a5978c2b54ebdf9a22c6f2cabf) Importer(815301076,1909f56bfc062723c751e8b465ee728b)
Start importing Assets/Oculus/SampleFramework/Usage/OVROverlay/Textures/Loading.png using Guid(4b1880a5978c2b54ebdf9a22c6f2cabf) Importer(815301076,1909f56bfc062723c751e8b465ee728b)  -> (artifact id: 'bfeffcc21eedb78498ddd7df1a92466a') in 0.025168 seconds
Number of updated asset objects reloaded before import = 0
Number of asset objects unloaded after import = 2
========================================================================
Received Import Request.
  Time since last request: 0.000012 seconds.
  path: Assets/Oculus/VR/Textures/MetaQuestTouchPlus/MetaQuestTouchPlus_Left_BaseColor_AO.png
  artifactKey: Guid(6418748e9d0ad7644ae0f0586c655804) Importer(815301076,1909f56bfc062723c751e8b465ee728b)
Start importing Assets/Oculus/VR/Textures/MetaQuestTouchPlus/MetaQuestTouchPlus_Left_BaseColor_AO.png using Guid(6418748e9d0ad7644ae0f0586c655804) Importer(815301076,1909f56bfc062723c751e8b465ee728b)  -> (artifact id: 'ac48b5a9a2e1ec4168f1f0990630f76a') in 0.039485 seconds
Number of updated asset objects reloaded before import = 0
Number of asset objects unloaded after import = 2
========================================================================
Received Import Request.
  Time since last request: 0.015964 seconds.
  path: Assets/Oculus/VR/Textures/MetaQuestTouchPlus/MetaQuestTouchPlus_Right_BaseColor_AO.png
  artifactKey: Guid(3eea87b91f85d324797846a5c54875b0) Importer(815301076,1909f56bfc062723c751e8b465ee728b)
Start importing Assets/Oculus/VR/Textures/MetaQuestTouchPlus/MetaQuestTouchPlus_Right_BaseColor_AO.png using Guid(3eea87b91f85d324797846a5c54875b0) Importer(815301076,1909f56bfc062723c751e8b465ee728b)  -> (artifact id: '314c5ee4892097a68c247ded547ffdf0') in 0.038615 seconds
Number of updated asset objects reloaded before import = 0
Number of asset objects unloaded after import = 2
========================================================================
Received Import Request.
  Time since last request: 0.000016 seconds.
  path: Assets/Oculus/VR/Editor/Textures/mqdh_icon.png
  artifactKey: Guid(c4ad52725d16842dd8385d0264dda36c) Importer(815301076,1909f56bfc062723c751e8b465ee728b)
Start importing Assets/Oculus/VR/Editor/Textures/mqdh_icon.png using Guid(c4ad52725d16842dd8385d0264dda36c) Importer(815301076,1909f56bfc062723c751e8b465ee728b)  -> (artifact id: 'e89df69dcdf9b38afce7da49fabc4b4e') in 0.021892 seconds
Number of updated asset objects reloaded before import = 0
Number of asset objects unloaded after import = 2
========================================================================
Received Import Request.
  Time since last request: 0.021927 seconds.
  path: Assets/Oculus/SampleFramework/Core/CustomHands/Textures/noise_01.png
  artifactKey: Guid(8316c649b12f4485c811d707f6316577) Importer(815301076,1909f56bfc062723c751e8b465ee728b)
Start importing Assets/Oculus/SampleFramework/Core/CustomHands/Textures/noise_01.png using Guid(8316c649b12f4485c811d707f6316577) Importer(815301076,1909f56bfc062723c751e8b465ee728b)  -> (artifact id: '421843f7dacc7864984021c12106f225') in 0.027238 seconds
Number of updated asset objects reloaded before import = 0
Number of asset objects unloaded after import = 2
========================================================================
Received Import Request.
  Time since last request: 0.018019 seconds.
  path: Assets/Oculus/Interaction/Samples/Textures/OCUIIconSet/OCUI_24_Outline_2x.png
  artifactKey: Guid(4f3b4a4ae58ad484e9fc92ab68a8ffef) Importer(815301076,1909f56bfc062723c751e8b465ee728b)
Start importing Assets/Oculus/Interaction/Samples/Textures/OCUIIconSet/OCUI_24_Outline_2x.png using Guid(4f3b4a4ae58ad484e9fc92ab68a8ffef) Importer(815301076,1909f56bfc062723c751e8b465ee728b)  -> (artifact id: '853a4b1af306e71f1e1e2b95cbd224fa') in 0.698369 seconds
Number of updated asset objects reloaded before import = 0
Number of asset objects unloaded after import = 320
========================================================================
Received Import Request.
  Time since last request: 0.000021 seconds.
  path: Assets/Oculus/Voice/Documentation/Samples/TTSVoices/TTSVoices.jpg
  artifactKey: Guid(6a3a8152e0be7454fa26d9ba0ad6c0a7) Importer(815301076,1909f56bfc062723c751e8b465ee728b)
Start importing Assets/Oculus/Voice/Documentation/Samples/TTSVoices/TTSVoices.jpg using Guid(6a3a8152e0be7454fa26d9ba0ad6c0a7) Importer(815301076,1909f56bfc062723c751e8b465ee728b)  -> (artifact id: '859b4f962ba357b5684e50f75db9fb2c') in 0.022470 seconds
Number of updated asset objects reloaded before import = 0
Number of asset objects unloaded after import = 2
========================================================================
Received Import Request.
  Time since last request: 0.000025 seconds.
  path: Assets/Oculus/SampleFramework/Usage/Passthrough/Materials/OculusGraffiti.tga
  artifactKey: Guid(50eb925d2a9fd0f41983e420da3d7e4c) Importer(815301076,1909f56bfc062723c751e8b465ee728b)
Start importing Assets/Oculus/SampleFramework/Usage/Passthrough/Materials/OculusGraffiti.tga using Guid(50eb925d2a9fd0f41983e420da3d7e4c) Importer(815301076,1909f56bfc062723c751e8b465ee728b)  -> (artifact id: 'beda9b80bcbfc2b03ef3286c89e2aee2') in 0.025312 seconds
Number of updated asset objects reloaded before import = 0
Number of asset objects unloaded after import = 2
========================================================================
Received Import Request.
  Time since last request: 0.000013 seconds.
  path: Assets/Oculus/SampleFramework/Core/CustomHands/Textures/ramp_bluewhite_01.png
  artifactKey: Guid(a6143196f34cd44c19789dbda1f129c2) Importer(815301076,1909f56bfc062723c751e8b465ee728b)
Start importing Assets/Oculus/SampleFramework/Core/CustomHands/Textures/ramp_bluewhite_01.png using Guid(a6143196f34cd44c19789dbda1f129c2) Importer(815301076,1909f56bfc062723c751e8b465ee728b)  -> (artifact id: 'd7c4d34dd696ad1e4e98273da41fa2b2') in 0.018285 seconds
Number of updated asset objects reloaded before import = 0
Number of asset objects unloaded after import = 2
========================================================================
Received Import Request.
  Time since last request: 0.000014 seconds.
  path: Assets/Oculus/Voice/Lib/Wit.ai/Resources/wit-ai-title.png
  artifactKey: Guid(6a61dbb599169b64ca5584c8eebeb69e) Importer(815301076,1909f56bfc062723c751e8b465ee728b)
Start importing Assets/Oculus/Voice/Lib/Wit.ai/Resources/wit-ai-title.png using Guid(6a61dbb599169b64ca5584c8eebeb69e) Importer(815301076,1909f56bfc062723c751e8b465ee728b)  -> (artifact id: 'd14ee2f1a5dee2af369bc5f02d5b21cf') in 0.020197 seconds
Number of updated asset objects reloaded before import = 0
Number of asset objects unloaded after import = 3
========================================================================
Received Import Request.
  Time since last request: 0.000016 seconds.
  path: Assets/Oculus/Interaction/Samples/Textures/Rock.png
  artifactKey: Guid(7b6994f659c3a984fb36e8f608322176) Importer(815301076,1909f56bfc062723c751e8b465ee728b)
Start importing Assets/Oculus/Interaction/Samples/Textures/Rock.png using Guid(7b6994f659c3a984fb36e8f608322176) Importer(815301076,1909f56bfc062723c751e8b465ee728b)  -> (artifact id: '5fae5a5836edf0ce20aa3408045c43ce') in 0.017340 seconds
Number of updated asset objects reloaded before import = 0
Number of asset objects unloaded after import = 2
========================================================================
Received Import Request.
  Time since last request: 0.000016 seconds.
  path: Assets/Oculus/Interaction/Runtime/Textures/Reticle-Circle.png
  artifactKey: Guid(4aa4a1b9a03d9b54d80515831235fbe9) Importer(815301076,1909f56bfc062723c751e8b465ee728b)
Start importing Assets/Oculus/Interaction/Runtime/Textures/Reticle-Circle.png using Guid(4aa4a1b9a03d9b54d80515831235fbe9) Importer(815301076,1909f56bfc062723c751e8b465ee728b)  -> (artifact id: 'd9ee2d0b44730211846ec02ec163b404') in 0.020900 seconds
Number of updated asset objects reloaded before import = 0
Number of asset objects unloaded after import = 3
========================================================================
Received Import Request.
  Time since last request: 0.000017 seconds.
  path: Assets/Oculus/Interaction/Samples/Objects/Props/SprayBottle/Textures/SprayBottleNormal.png
  artifactKey: Guid(4583bc9dc05df3043898dfa5f87997ed) Importer(815301076,1909f56bfc062723c751e8b465ee728b)
Start importing Assets/Oculus/Interaction/Samples/Objects/Props/SprayBottle/Textures/SprayBottleNormal.png using Guid(4583bc9dc05df3043898dfa5f87997ed) Importer(815301076,1909f56bfc062723c751e8b465ee728b)  -> (artifact id: 'c1b8aa0e4070c63c1a02a5b8520fe315') in 0.029184 seconds
Number of updated asset objects reloaded before import = 0
Number of asset objects unloaded after import = 2
========================================================================
Received Import Request.
  Time since last request: 0.000023 seconds.
  path: Assets/PostProcessingVolume/PostProcessing/Utilities/CustomMotionTexture/Textures/UVChecker.png
  artifactKey: Guid(a08960dd6e8274e7f8fca616e09c48ed) Importer(815301076,1909f56bfc062723c751e8b465ee728b)
Start importing Assets/PostProcessingVolume/PostProcessing/Utilities/CustomMotionTexture/Textures/UVChecker.png using Guid(a08960dd6e8274e7f8fca616e09c48ed) Importer(815301076,1909f56bfc062723c751e8b465ee728b)  -> (artifact id: '86d661ac06c9312b3b987f00db649938') in 0.022385 seconds
Number of updated asset objects reloaded before import = 0
Number of asset objects unloaded after import = 2
========================================================================
Received Import Request.
  Time since last request: 0.000014 seconds.
  path: Assets/PostProcessingVolume/PostProcessing/Textures/Spectral LUTs/SpectralLut_GreenPurple.tga
  artifactKey: Guid(4a8f054acfbd08043a931cd22760758d) Importer(815301076,1909f56bfc062723c751e8b465ee728b)
Start importing Assets/PostProcessingVolume/PostProcessing/Textures/Spectral LUTs/SpectralLut_GreenPurple.tga using Guid(4a8f054acfbd08043a931cd22760758d) Importer(815301076,1909f56bfc062723c751e8b465ee728b)  -> (artifact id: '7168335823cf95c1d2e48520391a971e') in 0.017361 seconds
Number of updated asset objects reloaded before import = 0
Number of asset objects unloaded after import = 2
========================================================================
Received Import Request.
  Time since last request: 0.000019 seconds.
  path: Assets/Oculus/SampleFramework/Usage/CustomHands/ReflectionProbe-0.exr
  artifactKey: Guid(0a345497283889f49b7c8637c2b84cb8) Importer(815301076,1909f56bfc062723c751e8b465ee728b)
Start importing Assets/Oculus/SampleFramework/Usage/CustomHands/ReflectionProbe-0.exr using Guid(0a345497283889f49b7c8637c2b84cb8) Importer(815301076,1909f56bfc062723c751e8b465ee728b)  -> (artifact id: '1adc3971658c73a25ba6c76bae0f2922') in 0.026194 seconds
Number of updated asset objects reloaded before import = 0
Number of asset objects unloaded after import = 1
========================================================================
Received Import Request.
  Time since last request: 0.000021 seconds.
  path: Assets/Oculus/Interaction/Samples/Textures/SCrim.png
  artifactKey: Guid(685feb2fdaa84d946a9c92cec5314c72) Importer(815301076,1909f56bfc062723c751e8b465ee728b)
Start importing Assets/Oculus/Interaction/Samples/Textures/SCrim.png using Guid(685feb2fdaa84d946a9c92cec5314c72) Importer(815301076,1909f56bfc062723c751e8b465ee728b)  -> (artifact id: 'd5476ada19feee458af181bcbe238642') in 0.021577 seconds
Number of updated asset objects reloaded before import = 0
Number of asset objects unloaded after import = 3
========================================================================
Received Import Request.
  Time since last request: 0.000021 seconds.
  path: Assets/Oculus/Interaction/Samples/Objects/Props/WaterParticles/Textures/StreamAlpha.png
  artifactKey: Guid(f456689befdd1d7419fdae9671de0e74) Importer(815301076,1909f56bfc062723c751e8b465ee728b)
Start importing Assets/Oculus/Interaction/Samples/Objects/Props/WaterParticles/Textures/StreamAlpha.png using Guid(f456689befdd1d7419fdae9671de0e74) Importer(815301076,1909f56bfc062723c751e8b465ee728b)  -> (artifact id: '824beac9e51b490a31b50f4a42e98efc') in 0.018286 seconds
Number of updated asset objects reloaded before import = 0
Number of asset objects unloaded after import = 2
========================================================================
Received Import Request.
  Time since last request: 0.000012 seconds.
  path: Assets/Oculus/Interaction/Samples/Objects/Props/SprayBottle/Textures/SprayBottleAlbedo.png
  artifactKey: Guid(230674d82fba1f04faa1fd6e01520745) Importer(815301076,1909f56bfc062723c751e8b465ee728b)
Start importing Assets/Oculus/Interaction/Samples/Objects/Props/SprayBottle/Textures/SprayBottleAlbedo.png using Guid(230674d82fba1f04faa1fd6e01520745) Importer(815301076,1909f56bfc062723c751e8b465ee728b)  -> (artifact id: 'd560cae649d95e5c4d2700225d8ba038') in 0.021138 seconds
Number of updated asset objects reloaded before import = 0
Number of asset objects unloaded after import = 2
========================================================================
Received Import Request.
  Time since last request: 0.000016 seconds.
  path: Assets/Oculus/Voice/Features/VoiceHub/Hub/voicesdk_heroart.png
  artifactKey: Guid(cd2570f7f408a2143874e22f3a34c9cb) Importer(815301076,1909f56bfc062723c751e8b465ee728b)
Start importing Assets/Oculus/Voice/Features/VoiceHub/Hub/voicesdk_heroart.png using Guid(cd2570f7f408a2143874e22f3a34c9cb) Importer(815301076,1909f56bfc062723c751e8b465ee728b)  -> (artifact id: 'f77ba106e3bc188bc8820ac56d9012ec') in 0.024052 seconds
Number of updated asset objects reloaded before import = 0
Number of asset objects unloaded after import = 2
========================================================================
Received Import Request.
  Time since last request: 0.000016 seconds.
  path: Assets/Oculus/Interaction/Samples/Objects/Environment/Tooltips/NearSwipe/SwipeInstructions.renderTexture
  artifactKey: Guid(35d66362d6f77134c925c9306218643e) Importer(815301076,1909f56bfc062723c751e8b465ee728b)
Start importing Assets/Oculus/Interaction/Samples/Objects/Environment/Tooltips/NearSwipe/SwipeInstructions.renderTexture using Guid(35d66362d6f77134c925c9306218643e) Importer(815301076,1909f56bfc062723c751e8b465ee728b)  -> (artifact id: '5b4a35a276985e28d81e55ed76992950') in 0.017407 seconds
Number of updated asset objects reloaded before import = 0
Number of asset objects unloaded after import = 2
========================================================================
Received Import Request.
  Time since last request: 0.000014 seconds.
  path: Assets/Oculus/SampleFramework/Core/CustomHands/Textures/ramp_bluewhite_02.png
  artifactKey: Guid(ff902dc5c3e264587a8bc6213e64a5e2) Importer(815301076,1909f56bfc062723c751e8b465ee728b)
Start importing Assets/Oculus/SampleFramework/Core/CustomHands/Textures/ramp_bluewhite_02.png using Guid(ff902dc5c3e264587a8bc6213e64a5e2) Importer(815301076,1909f56bfc062723c751e8b465ee728b)  -> (artifact id: '4c46ccb91d64839d21b2b263119c265e') in 0.019625 seconds
Number of updated asset objects reloaded before import = 0
Number of asset objects unloaded after import = 2
========================================================================
Received Import Request.
  Time since last request: 0.000019 seconds.
  path: Assets/Oculus/Interaction/Samples/Objects/Props/Torch/Textures/torchTexture_Metal.png
  artifactKey: Guid(d93b1bf13e6a6304da577e91409bdc28) Importer(815301076,1909f56bfc062723c751e8b465ee728b)
Start importing Assets/Oculus/Interaction/Samples/Objects/Props/Torch/Textures/torchTexture_Metal.png using Guid(d93b1bf13e6a6304da577e91409bdc28) Importer(815301076,1909f56bfc062723c751e8b465ee728b)  -> (artifact id: '11c0e2ea1097803807de23bec642ce22') in 0.032812 seconds
Number of updated asset objects reloaded before import = 0
Number of asset objects unloaded after import = 2
========================================================================
Received Import Request.
  Time since last request: 0.000018 seconds.
  path: Assets/Oculus/Interaction/Samples/Fonts/Roboto-Medium SDF.asset
  artifactKey: Guid(b8f5aeb9c6de7614db2631011b869bc3) Importer(815301076,1909f56bfc062723c751e8b465ee728b)
Start importing Assets/Oculus/Interaction/Samples/Fonts/Roboto-Medium SDF.asset using Guid(b8f5aeb9c6de7614db2631011b869bc3) Importer(815301076,1909f56bfc062723c751e8b465ee728b)  -> (artifact id: '307303a952d5129d1e14385660cdb63d') in 0.042773 seconds
Number of updated asset objects reloaded before import = 0
Number of asset objects unloaded after import = 4
========================================================================
Received Import Request.
  Time since last request: 0.000021 seconds.
  path: Assets/Oculus/Interaction/Runtime/Textures/Reticle-Dot.png
  artifactKey: Guid(aa3a2b3718100f84fb5d8ff9adb8ccb7) Importer(815301076,1909f56bfc062723c751e8b465ee728b)
Start importing Assets/Oculus/Interaction/Runtime/Textures/Reticle-Dot.png using Guid(aa3a2b3718100f84fb5d8ff9adb8ccb7) Importer(815301076,1909f56bfc062723c751e8b465ee728b)  -> (artifact id: '8d0a47d3bd88360d26ec56756ae7faec') in 0.022200 seconds
Number of updated asset objects reloaded before import = 0
Number of asset objects unloaded after import = 3
========================================================================
Received Import Request.
  Time since last request: 0.000017 seconds.
  path: Assets/Oculus/SampleFramework/Usage/SharedAssets/Skyboxes/Sky_02/Skybox02_Right-X.png
  artifactKey: Guid(2225d3954773c41dfb5cbe8356988e16) Importer(815301076,1909f56bfc062723c751e8b465ee728b)
Start importing Assets/Oculus/SampleFramework/Usage/SharedAssets/Skyboxes/Sky_02/Skybox02_Right-X.png using Guid(2225d3954773c41dfb5cbe8356988e16) Importer(815301076,1909f56bfc062723c751e8b465ee728b)  -> (artifact id: '3dd72d7d39ba48aaf982485b8ce7ea5c') in 0.025186 seconds
Number of updated asset objects reloaded before import = 0
Number of asset objects unloaded after import = 2
========================================================================
Received Import Request.
  Time since last request: 0.000028 seconds.
  path: Assets/Oculus/SampleFramework/Usage/HandsTrainExample/Textures/selection_cylinder_filled.png
  artifactKey: Guid(5e00d9c6ac492e447b6f74beeadcd1fe) Importer(815301076,1909f56bfc062723c751e8b465ee728b)
Start importing Assets/Oculus/SampleFramework/Usage/HandsTrainExample/Textures/selection_cylinder_filled.png using Guid(5e00d9c6ac492e447b6f74beeadcd1fe) Importer(815301076,1909f56bfc062723c751e8b465ee728b)  -> (artifact id: 'afc8d52aa572cb5ddcb45af0551119dc') in 0.017278 seconds
Number of updated asset objects reloaded before import = 0
Number of asset objects unloaded after import = 2
========================================================================
Received Import Request.
  Time since last request: 0.000013 seconds.
  path: Assets/Oculus/SampleFramework/Usage/SharedAssets/Textures/room_atlas_01_msm.png
  artifactKey: Guid(30bf4d61398fa430096acd1c3cbae166) Importer(815301076,1909f56bfc062723c751e8b465ee728b)
Start importing Assets/Oculus/SampleFramework/Usage/SharedAssets/Textures/room_atlas_01_msm.png using Guid(30bf4d61398fa430096acd1c3cbae166) Importer(815301076,1909f56bfc062723c751e8b465ee728b)  -> (artifact id: '569f071a515f47d8b6dc19995181a931') in 0.030783 seconds
Number of updated asset objects reloaded before import = 0
Number of asset objects unloaded after import = 2
========================================================================
Received Import Request.
  Time since last request: 0.000015 seconds.
  path: Assets/Oculus/SampleFramework/Usage/Locomotion/Textures/wall_brick_01_dif.png
  artifactKey: Guid(b5d7fd3784c8d40d78ffb8d454a19944) Importer(815301076,1909f56bfc062723c751e8b465ee728b)
Start importing Assets/Oculus/SampleFramework/Usage/Locomotion/Textures/wall_brick_01_dif.png using Guid(b5d7fd3784c8d40d78ffb8d454a19944) Importer(815301076,1909f56bfc062723c751e8b465ee728b)  -> (artifact id: '3d7387e377099339dc9408b7c9a6e29c') in 0.028977 seconds
Number of updated asset objects reloaded before import = 0
Number of asset objects unloaded after import = 2
========================================================================
Received Import Request.
  Time since last request: 0.000022 seconds.
  path: Assets/Oculus/Voice/Features/VoiceHub/Hub/WitIcon.png
  artifactKey: Guid(05d75e9636af9ea48a52ac0688abdc44) Importer(815301076,1909f56bfc062723c751e8b465ee728b)
Start importing Assets/Oculus/Voice/Features/VoiceHub/Hub/WitIcon.png using Guid(05d75e9636af9ea48a52ac0688abdc44) Importer(815301076,1909f56bfc062723c751e8b465ee728b)  -> (artifact id: '25384f4905bdca54e952cbfb1f8a2339') in 0.022056 seconds
Number of updated asset objects reloaded before import = 0
Number of asset objects unloaded after import = 3
========================================================================
Received Import Request.
  Time since last request: 0.000016 seconds.
  path: Assets/PostProcessingVolume/PostProcessing/Textures/Spectral LUTs/SpectralLut_BlueRed.tga
  artifactKey: Guid(318cbcd94840f1d48aca4d86234dc2e7) Importer(815301076,1909f56bfc062723c751e8b465ee728b)
Start importing Assets/PostProcessingVolume/PostProcessing/Textures/Spectral LUTs/SpectralLut_BlueRed.tga using Guid(318cbcd94840f1d48aca4d86234dc2e7) Importer(815301076,1909f56bfc062723c751e8b465ee728b)  -> (artifact id: 'cc2876dab1a74aaeba5a4307a5b40c58') in 0.015920 seconds
Number of updated asset objects reloaded before import = 0
Number of asset objects unloaded after import = 2
========================================================================
Received Import Request.
  Time since last request: 0.000014 seconds.
  path: Assets/Oculus/SampleFramework/Core/TouchControllers/Materials/Textures/touchController_controlmap.tga
  artifactKey: Guid(2cc8e2323e3925144b6880c5e7600b89) Importer(815301076,1909f56bfc062723c751e8b465ee728b)
Start importing Assets/Oculus/SampleFramework/Core/TouchControllers/Materials/Textures/touchController_controlmap.tga using Guid(2cc8e2323e3925144b6880c5e7600b89) Importer(815301076,1909f56bfc062723c751e8b465ee728b)  -> (artifact id: 'fce15bfb75474f5a4e64f53b34e7fd7f') in 0.089777 seconds
Number of updated asset objects reloaded before import = 0
Number of asset objects unloaded after import = 2
========================================================================
Received Import Request.
  Time since last request: 0.000021 seconds.
  path: Assets/Oculus/Interaction/Samples/Objects/Environment/Room/Textures/skydomeBaked.png
  artifactKey: Guid(061fef3aa88c14e4487ccf80abd293e0) Importer(815301076,1909f56bfc062723c751e8b465ee728b)
Start importing Assets/Oculus/Interaction/Samples/Objects/Environment/Room/Textures/skydomeBaked.png using Guid(061fef3aa88c14e4487ccf80abd293e0) Importer(815301076,1909f56bfc062723c751e8b465ee728b)  -> (artifact id: '67246d0ac73d6067d1db1090e8ea1abd') in 0.027319 seconds
Number of updated asset objects reloaded before import = 0
Number of asset objects unloaded after import = 2
========================================================================
Received Import Request.
  Time since last request: 1.369327 seconds.
  path: Assets/Oculus/SampleFramework/Usage/Passthrough/Materials/WristFade.png
  artifactKey: Guid(bb0379854428fda4aa7a671885a12bb2) Importer(815301076,1909f56bfc062723c751e8b465ee728b)
Start importing Assets/Oculus/SampleFramework/Usage/Passthrough/Materials/WristFade.png using Guid(bb0379854428fda4aa7a671885a12bb2) Importer(815301076,1909f56bfc062723c751e8b465ee728b)  -> (artifact id: '7586ca14709f05529c9bf40880fad486') in 0.019787 seconds
Number of updated asset objects reloaded before import = 0
Number of asset objects unloaded after import = 2
========================================================================
Received Import Request.
  Time since last request: 0.002025 seconds.
  path: Assets/Oculus/Voice/Lib/Wit.ai/Features/TTS/Documentation/Images/tts_service_cachesettings.png
  artifactKey: Guid(701ca4114422ead418e08b1c0bc26348) Importer(815301076,1909f56bfc062723c751e8b465ee728b)
Start importing Assets/Oculus/Voice/Lib/Wit.ai/Features/TTS/Documentation/Images/tts_service_cachesettings.png using Guid(701ca4114422ead418e08b1c0bc26348) Importer(815301076,1909f56bfc062723c751e8b465ee728b)  -> (artifact id: '5d671c0f5927b942426e8cd4d91dcbbf') in 0.019132 seconds
Number of updated asset objects reloaded before import = 0
Number of asset objects unloaded after import = 2
========================================================================
Received Import Request.
  Time since last request: 0.060615 seconds.
  path: Assets/Oculus/SampleFramework/Usage/OVROverlay/Textures/Tile_Texture_CinemaText.png
  artifactKey: Guid(695537b83ff4c854ba3a62d3350a26ec) Importer(815301076,1909f56bfc062723c751e8b465ee728b)
Start importing Assets/Oculus/SampleFramework/Usage/OVROverlay/Textures/Tile_Texture_CinemaText.png using Guid(695537b83ff4c854ba3a62d3350a26ec) Importer(815301076,1909f56bfc062723c751e8b465ee728b)  -> (artifact id: '37032cf0ec0ebd6e45ffe9c2091b58d1') in 0.029788 seconds
Number of updated asset objects reloaded before import = 0
Number of asset objects unloaded after import = 2
========================================================================
Received Import Request.
  Time since last request: 0.331108 seconds.
  path: Assets/Oculus/SampleFramework/Usage/HandsTrainExample/Textures/SmokeBillow_atlas_001_v2.png
  artifactKey: Guid(32e6491eddb35c34f8f3a3bc71b8ede8) Importer(815301076,1909f56bfc062723c751e8b465ee728b)
Start importing Assets/Oculus/SampleFramework/Usage/HandsTrainExample/Textures/SmokeBillow_atlas_001_v2.png using Guid(32e6491eddb35c34f8f3a3bc71b8ede8) Importer(815301076,1909f56bfc062723c751e8b465ee728b)  -> (artifact id: '8d814f1cef21846f15d7c8efd7b03e0b') in 0.019235 seconds
Number of updated asset objects reloaded before import = 0
Number of asset objects unloaded after import = 2
========================================================================
Received Import Request.
  Time since last request: 0.031381 seconds.
  path: Assets/Oculus/SampleFramework/Usage/SharedAssets/Skyboxes/Sky_01/Skybox01_Right-X.png
  artifactKey: Guid(1531db7620eb24dbfa45481c43b6dcc5) Importer(815301076,1909f56bfc062723c751e8b465ee728b)
Start importing Assets/Oculus/SampleFramework/Usage/SharedAssets/Skyboxes/Sky_01/Skybox01_Right-X.png using Guid(1531db7620eb24dbfa45481c43b6dcc5) Importer(815301076,1909f56bfc062723c751e8b465ee728b)  -> (artifact id: 'b3b7103f6103609e93bbf7a57482cbf5') in 0.074412 seconds
Number of updated asset objects reloaded before import = 0
Number of asset objects unloaded after import = 2
========================================================================
Received Import Request.
  Time since last request: 0.154067 seconds.
  path: Assets/Brick Project Studio/Apartment Kit/_BPS Basic Assets/_Prefabs/Common/Textures/Restroom/RR_RestroomPaper_A.png
  artifactKey: Guid(00368d3a4678ecd4cb2b95551bfe744e) Importer(815301076,1909f56bfc062723c751e8b465ee728b)
Start importing Assets/Brick Project Studio/Apartment Kit/_BPS Basic Assets/_Prefabs/Common/Textures/Restroom/RR_RestroomPaper_A.png using Guid(00368d3a4678ecd4cb2b95551bfe744e) Importer(815301076,1909f56bfc062723c751e8b465ee728b)  -> (artifact id: 'cfae5fe8ff2bc52d3215da2881638faf') in 0.019402 seconds
Number of updated asset objects reloaded before import = 0
Number of asset objects unloaded after import = 2
========================================================================
Received Import Request.
  Time since last request: 0.109290 seconds.
  path: Assets/Brick Project Studio/Apartment Kit/_BPS Basic Assets/_Prefabs/Common/Textures/Restroom/RR_Panel_01.png
  artifactKey: Guid(678620c0e8a6d8a46920c7f731115bf3) Importer(815301076,1909f56bfc062723c751e8b465ee728b)
Start importing Assets/Brick Project Studio/Apartment Kit/_BPS Basic Assets/_Prefabs/Common/Textures/Restroom/RR_Panel_01.png using Guid(678620c0e8a6d8a46920c7f731115bf3) Importer(815301076,1909f56bfc062723c751e8b465ee728b)  -> (artifact id: '7c57e02fb390104c4ac97a4eceb15f02') in 0.017370 seconds
Number of updated asset objects reloaded before import = 0
Number of asset objects unloaded after import = 2
========================================================================
Received Import Request.
  Time since last request: 0.000018 seconds.
  path: Assets/Oculus/SampleFramework/Usage/SharedAssets/Textures/room_atlas_02_msm.png
  artifactKey: Guid(67864649fed594cd490c78b56dc9aea9) Importer(815301076,1909f56bfc062723c751e8b465ee728b)
Start importing Assets/Oculus/SampleFramework/Usage/SharedAssets/Textures/room_atlas_02_msm.png using Guid(67864649fed594cd490c78b56dc9aea9) Importer(815301076,1909f56bfc062723c751e8b465ee728b)  -> (artifact id: 'a3d92f3534a8bdc9ff46c8e6f4712683') in 0.044184 seconds
Number of updated asset objects reloaded before import = 0
Number of asset objects unloaded after import = 2
========================================================================
Received Import Request.
  Time since last request: 0.260891 seconds.
  path: Assets/Oculus/SampleFramework/Core/DebugUI/Textures/radio_over.png
  artifactKey: Guid(d573cef9968bac840a82613c16823a0e) Importer(815301076,1909f56bfc062723c751e8b465ee728b)
Start importing Assets/Oculus/SampleFramework/Core/DebugUI/Textures/radio_over.png using Guid(d573cef9968bac840a82613c16823a0e) Importer(815301076,1909f56bfc062723c751e8b465ee728b)  -> (artifact id: 'b318215b26c1d4fe58be1be66d40db44') in 0.018666 seconds
Number of updated asset objects reloaded before import = 0
Number of asset objects unloaded after import = 3
========================================================================
Received Import Request.
  Time since last request: 0.088385 seconds.
  path: Assets/Oculus/Interaction/Samples/Objects/Props/BigRedButton/Textures/Podium/Podium_AO.png
  artifactKey: Guid(48b5754585338eb40872d655be3f9d31) Importer(815301076,1909f56bfc062723c751e8b465ee728b)
Start importing Assets/Oculus/Interaction/Samples/Objects/Props/BigRedButton/Textures/Podium/Podium_AO.png using Guid(48b5754585338eb40872d655be3f9d31) Importer(815301076,1909f56bfc062723c751e8b465ee728b)  -> (artifact id: '3f43e84971225535b5ef0c34821bb51b') in 0.015490 seconds
Number of updated asset objects reloaded before import = 0
Number of asset objects unloaded after import = 2
========================================================================
Received Import Request.
  Time since last request: 0.019344 seconds.
  path: Assets/Oculus/Interaction/Samples/Objects/Props/BigRedButton/Textures/PodiumEmissive.png
  artifactKey: Guid(db48054702bf46946bbc1b0d86507638) Importer(815301076,1909f56bfc062723c751e8b465ee728b)
Start importing Assets/Oculus/Interaction/Samples/Objects/Props/BigRedButton/Textures/PodiumEmissive.png using Guid(db48054702bf46946bbc1b0d86507638) Importer(815301076,1909f56bfc062723c751e8b465ee728b)  -> (artifact id: '9b4a4e19ee6f80277c406f637776a064') in 0.019407 seconds
Number of updated asset objects reloaded before import = 0
Number of asset objects unloaded after import = 2
========================================================================
Received Import Request.
  Time since last request: 0.000015 seconds.
  path: Assets/Oculus/SampleFramework/Usage/OVROverlay/Textures/QuadOverlayText.png
  artifactKey: Guid(fe0116bd810bd5b438e8737805ce0235) Importer(815301076,1909f56bfc062723c751e8b465ee728b)
Start importing Assets/Oculus/SampleFramework/Usage/OVROverlay/Textures/QuadOverlayText.png using Guid(fe0116bd810bd5b438e8737805ce0235) Importer(815301076,1909f56bfc062723c751e8b465ee728b)  -> (artifact id: '84043a7abcc9461d7284faac6909a568') in 0.042800 seconds
Number of updated asset objects reloaded before import = 0
Number of asset objects unloaded after import = 2
========================================================================
Received Import Request.
  Time since last request: 0.000022 seconds.
  path: Assets/Oculus/Interaction/Samples/Objects/Props/Plants/Textures/PlantSetMat_Albedo.png
  artifactKey: Guid(423ca6e1b31840c418cba95f228aec8c) Importer(815301076,1909f56bfc062723c751e8b465ee728b)
Start importing Assets/Oculus/Interaction/Samples/Objects/Props/Plants/Textures/PlantSetMat_Albedo.png using Guid(423ca6e1b31840c418cba95f228aec8c) Importer(815301076,1909f56bfc062723c751e8b465ee728b)  -> (artifact id: '5b2ef7f17c7061a88093698f12a3131a') in 0.022015 seconds
Number of updated asset objects reloaded before import = 0
Number of asset objects unloaded after import = 2
========================================================================
Received Import Request.
  Time since last request: 0.012405 seconds.
  path: Assets/Oculus/VR/Editor/Icons/ovr_icon_success.png
  artifactKey: Guid(ace332c70150e584db1715bc6fa86ed2) Importer(815301076,1909f56bfc062723c751e8b465ee728b)
Start importing Assets/Oculus/VR/Editor/Icons/ovr_icon_success.png using Guid(ace332c70150e584db1715bc6fa86ed2) Importer(815301076,1909f56bfc062723c751e8b465ee728b)  -> (artifact id: '9a4097abf5f10b5d1a2bacf2e7fa7ae6') in 0.016749 seconds
Number of updated asset objects reloaded before import = 0
Number of asset objects unloaded after import = 2
========================================================================
Received Import Request.
  Time since last request: 0.000012 seconds.
  path: Assets/Oculus/VR/Editor/BuildingBlocks/Icons/ovr_success_greybg.png
  artifactKey: Guid(8295fd5efef25b34da622a30ed234bb2) Importer(815301076,1909f56bfc062723c751e8b465ee728b)
Start importing Assets/Oculus/VR/Editor/BuildingBlocks/Icons/ovr_success_greybg.png using Guid(8295fd5efef25b34da622a30ed234bb2) Importer(815301076,1909f56bfc062723c751e8b465ee728b)  -> (artifact id: '27f43e67b1a657475c8237ce9e473fd0') in 0.017258 seconds
Number of updated asset objects reloaded before import = 0
Number of asset objects unloaded after import = 2
========================================================================
Received Import Request.
  Time since last request: 0.000014 seconds.
  path: Assets/Oculus/SampleFramework/Usage/OVROverlay/Textures/OVRDisplayApplicationLayerText.png
  artifactKey: Guid(ddb5f7d8796b2c345bfe283cdc368c73) Importer(815301076,1909f56bfc062723c751e8b465ee728b)
Start importing Assets/Oculus/SampleFramework/Usage/OVROverlay/Textures/OVRDisplayApplicationLayerText.png using Guid(ddb5f7d8796b2c345bfe283cdc368c73) Importer(815301076,1909f56bfc062723c751e8b465ee728b)  -> (artifact id: '981d4cb5998ae24075831ed0e8701e9c') in 0.019228 seconds
Number of updated asset objects reloaded before import = 0
Number of asset objects unloaded after import = 2
========================================================================
Received Import Request.
  Time since last request: 0.282483 seconds.
  path: Assets/Oculus/LipSync/Models/RobotHead_TextureFlip/ou.png
  artifactKey: Guid(660be1fdb8590b14bab012a991bdeb86) Importer(815301076,1909f56bfc062723c751e8b465ee728b)
Start importing Assets/Oculus/LipSync/Models/RobotHead_TextureFlip/ou.png using Guid(660be1fdb8590b14bab012a991bdeb86) Importer(815301076,1909f56bfc062723c751e8b465ee728b)  -> (artifact id: 'da6abd2df82550368c8aa7ee7325ecbf') in 0.017379 seconds
Number of updated asset objects reloaded before import = 0
Number of asset objects unloaded after import = 2
========================================================================
Received Import Request.
  Time since last request: 0.000019 seconds.
  path: Assets/Oculus/VR/Editor/BuildingBlocks/Icons/ovr_error_greybg.png
  artifactKey: Guid(d0390c3a10ac76641b718f04d77f80ae) Importer(815301076,1909f56bfc062723c751e8b465ee728b)
Start importing Assets/Oculus/VR/Editor/BuildingBlocks/Icons/ovr_error_greybg.png using Guid(d0390c3a10ac76641b718f04d77f80ae) Importer(815301076,1909f56bfc062723c751e8b465ee728b)  -> (artifact id: 'e3e8587d90030c0a2869a0a34ca7729e') in 0.017413 seconds
Number of updated asset objects reloaded before import = 0
Number of asset objects unloaded after import = 2
========================================================================
Received Import Request.
  Time since last request: 0.000013 seconds.
  path: Assets/Oculus/VR/Editor/OVRProjectSetup/Icons/ovr_icon_category_error.png
  artifactKey: Guid(23ed0d2bfc90b1d4f97cf416f2cd23a8) Importer(815301076,1909f56bfc062723c751e8b465ee728b)
Start importing Assets/Oculus/VR/Editor/OVRProjectSetup/Icons/ovr_icon_category_error.png using Guid(23ed0d2bfc90b1d4f97cf416f2cd23a8) Importer(815301076,1909f56bfc062723c751e8b465ee728b)  -> (artifact id: '3bea700b4adfdc378e16f333c8de9c13') in 0.018907 seconds
Number of updated asset objects reloaded before import = 0
Number of asset objects unloaded after import = 2
========================================================================
Received Import Request.
  Time since last request: 0.087229 seconds.
  path: Assets/Oculus/VR/Textures/OculusTouchForQuestAndRiftS/OculusQuestTouchControllerTexture.tga
  artifactKey: Guid(a53d1d4e8207acf45b310f189c342b70) Importer(815301076,1909f56bfc062723c751e8b465ee728b)
Start importing Assets/Oculus/VR/Textures/OculusTouchForQuestAndRiftS/OculusQuestTouchControllerTexture.tga using Guid(a53d1d4e8207acf45b310f189c342b70) Importer(815301076,1909f56bfc062723c751e8b465ee728b)  -> (artifact id: '45803ca10472aec16c0934d96058c57e') in 0.025498 seconds
Number of updated asset objects reloaded before import = 0
Number of asset objects unloaded after import = 2
========================================================================
Received Import Request.
  Time since last request: 0.323829 seconds.
  path: Assets/Oculus/Interaction/Samples/Objects/Environment/Locomotion/Textures/LocomotionRoom/MetaLocomotionGround.png
  artifactKey: Guid(916bb0571aa8a13418cd0c63f3f117e3) Importer(815301076,1909f56bfc062723c751e8b465ee728b)
Start importing Assets/Oculus/Interaction/Samples/Objects/Environment/Locomotion/Textures/LocomotionRoom/MetaLocomotionGround.png using Guid(916bb0571aa8a13418cd0c63f3f117e3) Importer(815301076,1909f56bfc062723c751e8b465ee728b)  -> (artifact id: '59c748ad10c444854d0879202ebfb676') in 0.036172 seconds
Number of updated asset objects reloaded before import = 0
Number of asset objects unloaded after import = 2
========================================================================
Received Import Request.
  Time since last request: 0.159442 seconds.
  path: Assets/Oculus/SampleFramework/Usage/SharedAssets/Textures/metal_brushed_01_dif.png
  artifactKey: Guid(9e9f33564fb38524f86c25e26d1e10d4) Importer(815301076,1909f56bfc062723c751e8b465ee728b)
Start importing Assets/Oculus/SampleFramework/Usage/SharedAssets/Textures/metal_brushed_01_dif.png using Guid(9e9f33564fb38524f86c25e26d1e10d4) Importer(815301076,1909f56bfc062723c751e8b465ee728b)  -> (artifact id: '4f6e6df61f45191cc9b5d034c7792b63') in 0.022382 seconds
Number of updated asset objects reloaded before import = 0
Number of asset objects unloaded after import = 2
========================================================================
Received Import Request.
  Time since last request: 8.805210 seconds.
  path: Assets/Oculus/SampleFramework/Usage/HandsTrainExample/TrainScene/Lightmap-33_comp_shadowmask.png
  artifactKey: Guid(8614d160622632c48973c928e59f1df7) Importer(815301076,1909f56bfc062723c751e8b465ee728b)
Start importing Assets/Oculus/SampleFramework/Usage/HandsTrainExample/TrainScene/Lightmap-33_comp_shadowmask.png using Guid(8614d160622632c48973c928e59f1df7) Importer(815301076,1909f56bfc062723c751e8b465ee728b)  -> (artifact id: '6243e8ffae05de70daaf6c087e92e542') in 0.017047 seconds
Number of updated asset objects reloaded before import = 0
Number of asset objects unloaded after import = 2
========================================================================
Received Import Request.
  Time since last request: 0.000013 seconds.
  path: Assets/Oculus/SampleFramework/Usage/HandsTrainExample/TrainScene/Lightmap-35_comp_dir.png
  artifactKey: Guid(8b94da80122fada42a72ec8a5550e127) Importer(815301076,1909f56bfc062723c751e8b465ee728b)
Start importing Assets/Oculus/SampleFramework/Usage/HandsTrainExample/TrainScene/Lightmap-35_comp_dir.png using Guid(8b94da80122fada42a72ec8a5550e127) Importer(815301076,1909f56bfc062723c751e8b465ee728b)  -> (artifact id: 'cbb1c66db0194df3a5e4f94ffeba6cee') in 0.017765 seconds
Number of updated asset objects reloaded before import = 0
Number of asset objects unloaded after import = 2
========================================================================
Received Import Request.
  Time since last request: 0.000015 seconds.
  path: Assets/Oculus/SampleFramework/Usage/HandsTrainExample/TrainScene/Lightmap-36_comp_light.exr
  artifactKey: Guid(29f91df4d499e964aac915afaa33c14f) Importer(815301076,1909f56bfc062723c751e8b465ee728b)
Start importing Assets/Oculus/SampleFramework/Usage/HandsTrainExample/TrainScene/Lightmap-36_comp_light.exr using Guid(29f91df4d499e964aac915afaa33c14f) Importer(815301076,1909f56bfc062723c751e8b465ee728b)  -> (artifact id: 'a76e8b5f06242311e0acd8a125ccb55f') in 0.018671 seconds
Number of updated asset objects reloaded before import = 0
Number of asset objects unloaded after import = 2
========================================================================
Received Import Request.
  Time since last request: 0.003192 seconds.
  path: Assets/Oculus/SampleFramework/Usage/HandsTrainExample/TrainScene/Lightmap-33_comp_dir.png
  artifactKey: Guid(a7e88ac921d00ab4286c7c000a42c7f2) Importer(815301076,1909f56bfc062723c751e8b465ee728b)
Start importing Assets/Oculus/SampleFramework/Usage/HandsTrainExample/TrainScene/Lightmap-33_comp_dir.png using Guid(a7e88ac921d00ab4286c7c000a42c7f2) Importer(815301076,1909f56bfc062723c751e8b465ee728b)  -> (artifact id: 'c138140d81f9ea1f41aa5ba3a09166d7') in 0.016553 seconds
Number of updated asset objects reloaded before import = 0
Number of asset objects unloaded after import = 2
========================================================================
Received Import Request.
  Time since last request: 0.599368 seconds.
  path: Assets/Oculus/SampleFramework/Usage/HandsTrainExample/TrainScene/Lightmap-32_comp_light.exr
  artifactKey: Guid(934c36aa5a11e4c44957ccfee109398a) Importer(815301076,1909f56bfc062723c751e8b465ee728b)
Start importing Assets/Oculus/SampleFramework/Usage/HandsTrainExample/TrainScene/Lightmap-32_comp_light.exr using Guid(934c36aa5a11e4c44957ccfee109398a) Importer(815301076,1909f56bfc062723c751e8b465ee728b)  -> (artifact id: 'fdaccacf5bd1227d6965b477fe02b3a9') in 0.017180 seconds
Number of updated asset objects reloaded before import = 0
Number of asset objects unloaded after import = 2
========================================================================
Received Import Request.
  Time since last request: 0.576351 seconds.
  path: Assets/Oculus/SampleFramework/Usage/HandsTrainExample/TrainScene/Lightmap-25_comp_shadowmask.png
  artifactKey: Guid(25539577c72c9d44b9f852ece77f53b7) Importer(815301076,1909f56bfc062723c751e8b465ee728b)
Start importing Assets/Oculus/SampleFramework/Usage/HandsTrainExample/TrainScene/Lightmap-25_comp_shadowmask.png using Guid(25539577c72c9d44b9f852ece77f53b7) Importer(815301076,1909f56bfc062723c751e8b465ee728b)  -> (artifact id: 'a66c04748fbea33ed4eb593375b8c688') in 0.021038 seconds
Number of updated asset objects reloaded before import = 0
Number of asset objects unloaded after import = 2
========================================================================
Received Import Request.
  Time since last request: 0.000014 seconds.
  path: Assets/Oculus/SampleFramework/Usage/HandsTrainExample/TrainScene/Lightmap-23_comp_dir.png
  artifactKey: Guid(4fcbfd257f7cb8b40a4aa875d78e3c43) Importer(815301076,1909f56bfc062723c751e8b465ee728b)
Start importing Assets/Oculus/SampleFramework/Usage/HandsTrainExample/TrainScene/Lightmap-23_comp_dir.png using Guid(4fcbfd257f7cb8b40a4aa875d78e3c43) Importer(815301076,1909f56bfc062723c751e8b465ee728b)  -> (artifact id: '35627c3e28f0c10290e2aeb3ec552ced') in 0.018472 seconds
Number of updated asset objects reloaded before import = 0
Number of asset objects unloaded after import = 2
========================================================================
Received Import Request.
  Time since last request: 0.000017 seconds.
  path: Assets/Oculus/SampleFramework/Usage/HandsTrainExample/TrainScene/Lightmap-24_comp_light.exr
  artifactKey: Guid(8bc3b51c94085cc4796c223656e118f1) Importer(815301076,1909f56bfc062723c751e8b465ee728b)
Start importing Assets/Oculus/SampleFramework/Usage/HandsTrainExample/TrainScene/Lightmap-24_comp_light.exr using Guid(8bc3b51c94085cc4796c223656e118f1) Importer(815301076,1909f56bfc062723c751e8b465ee728b)  -> (artifact id: 'b512f78d1df2c329ce5bf38fcde7c4d7') in 0.021854 seconds
Number of updated asset objects reloaded before import = 0
Number of asset objects unloaded after import = 2
========================================================================
Received Import Request.
  Time since last request: 1.283567 seconds.
  path: Assets/Oculus/SampleFramework/Usage/HandsTrainExample/TrainScene/Lightmap-11_comp_dir.png
  artifactKey: Guid(88db0434e7fd3ce43bc58771a80eda60) Importer(815301076,1909f56bfc062723c751e8b465ee728b)
Start importing Assets/Oculus/SampleFramework/Usage/HandsTrainExample/TrainScene/Lightmap-11_comp_dir.png using Guid(88db0434e7fd3ce43bc58771a80eda60) Importer(815301076,1909f56bfc062723c751e8b465ee728b)  -> (artifact id: '22d4f76b78da644f5cbc4310b0d7d2c1') in 0.016900 seconds
Number of updated asset objects reloaded before import = 0
Number of asset objects unloaded after import = 2
========================================================================
Received Import Request.
  Time since last request: 0.001248 seconds.
  path: Assets/Oculus/SampleFramework/Usage/HandsTrainExample/TrainScene/Lightmap-8_comp_light.exr
  artifactKey: Guid(d1e8e0b8c20818c43ab8154deb696330) Importer(815301076,1909f56bfc062723c751e8b465ee728b)
Start importing Assets/Oculus/SampleFramework/Usage/HandsTrainExample/TrainScene/Lightmap-8_comp_light.exr using Guid(d1e8e0b8c20818c43ab8154deb696330) Importer(815301076,1909f56bfc062723c751e8b465ee728b)  -> (artifact id: '12ef98b764495825a0300000b9409c3c') in 0.017787 seconds
Number of updated asset objects reloaded before import = 0
Number of asset objects unloaded after import = 2
========================================================================
Received Import Request.
  Time since last request: 0.000021 seconds.
  path: Assets/Oculus/SampleFramework/Usage/HandsTrainExample/TrainScene/Lightmap-9_comp_light.exr
  artifactKey: Guid(bfda5fe457ad17047974e4c3e38fe644) Importer(815301076,1909f56bfc062723c751e8b465ee728b)
Start importing Assets/Oculus/SampleFramework/Usage/HandsTrainExample/TrainScene/Lightmap-9_comp_light.exr using Guid(bfda5fe457ad17047974e4c3e38fe644) Importer(815301076,1909f56bfc062723c751e8b465ee728b)  -> (artifact id: '6be57b998152d261695a4b1e320152c4') in 0.018204 seconds
Number of updated asset objects reloaded before import = 0
Number of asset objects unloaded after import = 2
========================================================================
Received Import Request.
  Time since last request: 0.075534 seconds.
  path: Assets/PostProcessingVolume/PostProcessing/Resources/Bluenoise64/LDR_LLL1_40.png
  artifactKey: Guid(1a9ce5640cde5934aae0022f020464a6) Importer(815301076,1909f56bfc062723c751e8b465ee728b)
Start importing Assets/PostProcessingVolume/PostProcessing/Resources/Bluenoise64/LDR_LLL1_40.png using Guid(1a9ce5640cde5934aae0022f020464a6) Importer(815301076,1909f56bfc062723c751e8b465ee728b)  -> (artifact id: '4d4524aabe84c4bb64e5bd1e1cff6f27') in 0.017024 seconds
Number of updated asset objects reloaded before import = 0
Number of asset objects unloaded after import = 2
========================================================================
Received Import Request.
  Time since last request: 0.000015 seconds.
  path: Assets/PostProcessingVolume/PostProcessing/Resources/Bluenoise64/LDR_LLL1_43.png
  artifactKey: Guid(71bc1b6b66e8b784b972199b7e90204e) Importer(815301076,1909f56bfc062723c751e8b465ee728b)
Start importing Assets/PostProcessingVolume/PostProcessing/Resources/Bluenoise64/LDR_LLL1_43.png using Guid(71bc1b6b66e8b784b972199b7e90204e) Importer(815301076,1909f56bfc062723c751e8b465ee728b)  -> (artifact id: 'db3f3ebcd18163781c496fe4cf3033ce') in 0.017046 seconds
Number of updated asset objects reloaded before import = 0
Number of asset objects unloaded after import = 2
========================================================================
Received Import Request.
  Time since last request: 0.000014 seconds.
  path: Assets/PostProcessingVolume/PostProcessing/Resources/Bluenoise64/LDR_LLL1_47.png
  artifactKey: Guid(1378a33cdd085d64c9da863d2484ff21) Importer(815301076,1909f56bfc062723c751e8b465ee728b)
Start importing Assets/PostProcessingVolume/PostProcessing/Resources/Bluenoise64/LDR_LLL1_47.png using Guid(1378a33cdd085d64c9da863d2484ff21) Importer(815301076,1909f56bfc062723c751e8b465ee728b)  -> (artifact id: '82a61a8bd8a8b232bd8e9808e0ffa940') in 0.017390 seconds
Number of updated asset objects reloaded before import = 0
Number of asset objects unloaded after import = 2
========================================================================
Received Import Request.
  Time since last request: 0.017527 seconds.
  path: Assets/PostProcessingVolume/PostProcessing/Resources/Bluenoise64/LDR_LLL1_37.png
  artifactKey: Guid(1d6958e30e40a254dbe5a54c573eeb3c) Importer(815301076,1909f56bfc062723c751e8b465ee728b)
Start importing Assets/PostProcessingVolume/PostProcessing/Resources/Bluenoise64/LDR_LLL1_37.png using Guid(1d6958e30e40a254dbe5a54c573eeb3c) Importer(815301076,1909f56bfc062723c751e8b465ee728b)  -> (artifact id: 'b59324fadf176d037d0e877003f9017b') in 0.016727 seconds
Number of updated asset objects reloaded before import = 0
Number of asset objects unloaded after import = 2
========================================================================
Received Import Request.
  Time since last request: 1.280315 seconds.
  path: Assets/Oculus/Interaction/Samples/Textures/HandStop.png
  artifactKey: Guid(eea3c49ddb8445b4685debd97055d015) Importer(815301076,1909f56bfc062723c751e8b465ee728b)
Start importing Assets/Oculus/Interaction/Samples/Textures/HandStop.png using Guid(eea3c49ddb8445b4685debd97055d015) Importer(815301076,1909f56bfc062723c751e8b465ee728b)  -> (artifact id: '04d6270a15b1eeeb99760d4bd0695781') in 0.016452 seconds
Number of updated asset objects reloaded before import = 0
Number of asset objects unloaded after import = 2
========================================================================
Received Import Request.
  Time since last request: 0.000014 seconds.
  path: Assets/Oculus/SampleFramework/Core/DebugUI/Textures/header.png
  artifactKey: Guid(eee045d55647138479b30e687b81c7e3) Importer(815301076,1909f56bfc062723c751e8b465ee728b)
Start importing Assets/Oculus/SampleFramework/Core/DebugUI/Textures/header.png using Guid(eee045d55647138479b30e687b81c7e3) Importer(815301076,1909f56bfc062723c751e8b465ee728b)  -> (artifact id: 'ad1fc0f3293d5411339dd5801d1d259b') in 0.025036 seconds
Number of updated asset objects reloaded before import = 0
Number of asset objects unloaded after import = 3
========================================================================
Received Import Request.
  Time since last request: 0.082669 seconds.
  path: Assets/Oculus/VR/Textures/gaze_cursor_timer.tga
  artifactKey: Guid(79a33e7a7166c6142ad50f46a9a23d3e) Importer(815301076,1909f56bfc062723c751e8b465ee728b)
Start importing Assets/Oculus/VR/Textures/gaze_cursor_timer.tga using Guid(79a33e7a7166c6142ad50f46a9a23d3e) Importer(815301076,1909f56bfc062723c751e8b465ee728b)  -> (artifact id: '77e8e47a47102243dfbb3baf18247751') in 0.020911 seconds
Number of updated asset objects reloaded before import = 0
Number of asset objects unloaded after import = 2
Editor requested this worker to shutdown with reason: Scaling down because of idle timeout
TcpMessagingSession - receive error: operation aborted. errorcode: 995, details:        I/O  .
AssetImportWorker is now disconnected from the server
Process exiting
Exiting without the bug reporter. Application will terminate with return code 0