Using pre-set license
Built from '2022.3/staging' branch; Version is '2022.3.8f1 (b5eafc012955) revision 11922172'; Using compiler version '192829333'; Build Type 'Release'
OS: 'Windows 11  (10.0.22631) 64bit Professional' Language: 'ko' Physical Memory: 16316 MB
BatchMode: 1, IsHumanControllingUs: 0, StartBugReporterOnCrash: 0, Is64bit: 1, IsPro: 1

COMMAND LINE ARGUMENTS:
C:\Program Files\Unity\Hub\Editor\2022.3.8f1\Editor\Unity.exe
-adb2
-batchMode
-noUpm
-name
AssetImportWorker8
-projectPath
C:/Users/jkl01/Desktop/fireEscapeSimulation01
-logFile
Logs/AssetImportWorker8.log
-srvPort
61029
Successfully changed project path to: C:/Users/jkl01/Desktop/fireEscapeSimulation01
C:/Users/jkl01/Desktop/fireEscapeSimulation01
[UnityMemory] Configuration Parameters - Can be set up in boot.config
    "memorysetup-bucket-allocator-granularity=16"
    "memorysetup-bucket-allocator-bucket-count=8"
    "memorysetup-bucket-allocator-block-size=33554432"
    "memorysetup-bucket-allocator-block-count=8"
    "memorysetup-main-allocator-block-size=16777216"
    "memorysetup-thread-allocator-block-size=16777216"
    "memorysetup-gfx-main-allocator-block-size=16777216"
    "memorysetup-gfx-thread-allocator-block-size=16777216"
    "memorysetup-cache-allocator-block-size=4194304"
    "memorysetup-typetree-allocator-block-size=2097152"
    "memorysetup-profiler-bucket-allocator-granularity=16"
    "memorysetup-profiler-bucket-allocator-bucket-count=8"
    "memorysetup-profiler-bucket-allocator-block-size=33554432"
    "memorysetup-profiler-bucket-allocator-block-count=8"
    "memorysetup-profiler-allocator-block-size=16777216"
    "memorysetup-profiler-editor-allocator-block-size=1048576"
    "memorysetup-temp-allocator-size-main=16777216"
    "memorysetup-job-temp-allocator-block-size=2097152"
    "memorysetup-job-temp-allocator-block-size-background=1048576"
    "memorysetup-job-temp-allocator-reduction-small-platforms=262144"
    "memorysetup-allocator-temp-initial-block-size-main=262144"
    "memorysetup-allocator-temp-initial-block-size-worker=262144"
    "memorysetup-temp-allocator-size-background-worker=32768"
    "memorysetup-temp-allocator-size-job-worker=262144"
    "memorysetup-temp-allocator-size-preload-manager=33554432"
    "memorysetup-temp-allocator-size-nav-mesh-worker=65536"
    "memorysetup-temp-allocator-size-audio-worker=65536"
    "memorysetup-temp-allocator-size-cloud-worker=32768"
    "memorysetup-temp-allocator-size-gi-baking-worker=262144"
    "memorysetup-temp-allocator-size-gfx=262144"
Player connection [27260] Host "[IP] 192.168.35.153 [Port] 0 [Flags] 2 [Guid] 3416388739 [EditorId] 3416388739 [Version] 1048832 [Id] WindowsEditor(7,kimhyunsoo) [Debug] 1 [PackageName] WindowsEditor [ProjectName] Editor" joined multi-casting on [225.0.0.222:54997]...

Player connection [27260] Host "[IP] 192.168.35.153 [Port] 0 [Flags] 2 [Guid] 3416388739 [EditorId] 3416388739 [Version] 1048832 [Id] WindowsEditor(7,kimhyunsoo) [Debug] 1 [PackageName] WindowsEditor [ProjectName] Editor" joined alternative multi-casting on [225.0.0.222:34997]...

[Physics::Module] Initialized MultithreadedJobDispatcher with 11 workers.
Refreshing native plugins compatible for Editor in 2342.24 ms, found 9 plugins.
Preloading 2 native plugins for Editor in 2.38 ms.
Initialize engine version: 2022.3.8f1 (b5eafc012955)
[Subsystems] Discovering subsystems at path C:/Program Files/Unity/Hub/Editor/2022.3.8f1/Editor/Data/Resources/UnitySubsystems
[Subsystems] Discovering subsystems at path C:/Users/jkl01/Desktop/fireEscapeSimulation01/Assets
GfxDevice: creating device client; threaded=0; jobified=0
Direct3D:
    Version:  Direct3D 11.0 [level 11.1]
    Renderer: NVIDIA GeForce GTX 1660 SUPER (ID=0x21c4)
    Vendor:   NVIDIA
    VRAM:     5992 MB
    Driver:   27.21.14.5671
Shader 'Oculus/OVRMRCameraFrameLit': fallback shader 'Alpha-Diffuse' not found
Initialize mono
Mono path[0] = 'C:/Program Files/Unity/Hub/Editor/2022.3.8f1/Editor/Data/Managed'
Mono path[1] = 'C:/Program Files/Unity/Hub/Editor/2022.3.8f1/Editor/Data/MonoBleedingEdge/lib/mono/unityjit-win32'
Mono config path = 'C:/Program Files/Unity/Hub/Editor/2022.3.8f1/Editor/Data/MonoBleedingEdge/etc'
Using monoOptions --debugger-agent=transport=dt_socket,embedding=1,server=y,suspend=n,address=127.0.0.1:56804
Begin MonoManager ReloadAssembly
Registering precompiled unity dll's ...
Register platform support module: C:/Program Files/Unity/Hub/Editor/2022.3.8f1/Editor/Data/PlaybackEngines/WindowsStandaloneSupport/UnityEditor.WindowsStandalone.Extensions.dll
Registered in 0.101493 seconds.
- Loaded All Assemblies, in  6.116 seconds
Native extension for WindowsStandalone target not found
Mono: successfully reloaded assembly
- Finished resetting the current domain, in  0.253 seconds
Domain Reload Profiling: 6368ms
	BeginReloadAssembly (4593ms)
		ExecutionOrderSort (0ms)
		DisableScriptedObjects (0ms)
		BackupInstance (0ms)
		ReleaseScriptingObjects (0ms)
		CreateAndSetChildDomain (1ms)
	RebuildCommonClasses (384ms)
	RebuildNativeTypeToScriptingClass (11ms)
	initialDomainReloadingComplete (150ms)
	LoadAllAssembliesAndSetupDomain (977ms)
		LoadAssemblies (4591ms)
		RebuildTransferFunctionScriptingTraits (0ms)
		AnalyzeDomain (975ms)
			TypeCache.Refresh (974ms)
				TypeCache.ScanAssembly (732ms)
			ScanForSourceGeneratedMonoScriptInfo (0ms)
			ResolveRequiredComponents (0ms)
	FinalizeReload (254ms)
		ReleaseScriptCaches (0ms)
		RebuildScriptCaches (0ms)
		SetupLoadedEditorAssemblies (195ms)
			LogAssemblyErrors (0ms)
			InitializePlatformSupportModulesInManaged (9ms)
			SetLoadedEditorAssemblies (7ms)
			RefreshPlugins (0ms)
			BeforeProcessingInitializeOnLoad (2ms)
			ProcessInitializeOnLoadAttributes (125ms)
			ProcessInitializeOnLoadMethodAttributes (52ms)
			AfterProcessingInitializeOnLoad (0ms)
			EditorAssembliesLoaded (0ms)
		ExecutionOrderSort2 (0ms)
		AwakeInstancesAfterBackupRestoration (0ms)
========================================================================
Worker process is ready to serve import requests
Begin MonoManager ReloadAssembly
- Loaded All Assemblies, in  8.492 seconds
Refreshing native plugins compatible for Editor in 10.05 ms, found 9 plugins.
Native extension for WindowsStandalone target not found
Package Manager log level set to [2]
[Package Manager] Server::EnsureServerProcessIsRunning -- launch failed, reason: Unity was launched with the -noUpm command-line argument
[Package Manager] UpmClient::Send -- Unable to send message (not connected to UPM process).
[Package Manager] Cannot connect to Unity Package Manager local server
[Package Manager] Server::EnsureServerProcessIsRunning -- launch failed, reason: Unity was launched with the -noUpm command-line argument
[Package Manager] UpmClient::Send -- Unable to send message (not connected to UPM process).
[Package Manager] Cannot connect to Unity Package Manager local server
[XR] OculusXRPlugin: registering subsystems
[XR] Unable to register display lifecyle provider: [1]
[XR] Oculus Input lifecycle provider registered.
[XR] Unable to register input lifecyle provider: [1]
[XR] OVRP version 1.89.0
Mono: successfully reloaded assembly
[Package Manager] Server::EnsureServerProcessIsRunning -- launch failed, reason: Unity was launched with the -noUpm command-line argument
[Package Manager] UpmClient::Send -- Unable to send message (not connected to UPM process).
[Package Manager] Cannot connect to Unity Package Manager local server
[Package Manager] Server::EnsureServerProcessIsRunning -- launch failed, reason: Unity was launched with the -noUpm command-line argument
[Package Manager] UpmClient::Send -- Unable to send message (not connected to UPM process).
[Package Manager] Cannot connect to Unity Package Manager local server
- Finished resetting the current domain, in  0.761 seconds
Domain Reload Profiling: 9250ms
	BeginReloadAssembly (138ms)
		ExecutionOrderSort (0ms)
		DisableScriptedObjects (5ms)
		BackupInstance (0ms)
		ReleaseScriptingObjects (0ms)
		CreateAndSetChildDomain (18ms)
	RebuildCommonClasses (32ms)
	RebuildNativeTypeToScriptingClass (11ms)
	initialDomainReloadingComplete (39ms)
	LoadAllAssembliesAndSetupDomain (8269ms)
		LoadAssemblies (7841ms)
		RebuildTransferFunctionScriptingTraits (0ms)
		AnalyzeDomain (510ms)
			TypeCache.Refresh (464ms)
				TypeCache.ScanAssembly (404ms)
			ScanForSourceGeneratedMonoScriptInfo (30ms)
			ResolveRequiredComponents (14ms)
	FinalizeReload (762ms)
		ReleaseScriptCaches (0ms)
		RebuildScriptCaches (0ms)
		SetupLoadedEditorAssemblies (575ms)
			LogAssemblyErrors (0ms)
			InitializePlatformSupportModulesInManaged (6ms)
			SetLoadedEditorAssemblies (5ms)
			RefreshPlugins (0ms)
			BeforeProcessingInitializeOnLoad (85ms)
			ProcessInitializeOnLoadAttributes (448ms)
			ProcessInitializeOnLoadMethodAttributes (26ms)
			AfterProcessingInitializeOnLoad (6ms)
			EditorAssembliesLoaded (0ms)
		ExecutionOrderSort2 (0ms)
		AwakeInstancesAfterBackupRestoration (12ms)
Shader 'Oculus/OVRMRCameraFrameLit': fallback shader 'Alpha-Diffuse' not found
Launched and connected shader compiler UnityShaderCompiler.exe after 0.06 seconds
Refreshing native plugins compatible for Editor in 10.64 ms, found 9 plugins.
Preloading 2 native plugins for Editor in 0.08 ms.
Unloading 5096 Unused Serialized files (Serialized files now loaded: 0)
Unloading 75 unused Assets / (443.2 KB). Loaded Objects now: 5535.
Memory consumption went from 198.3 MB to 197.9 MB.
Total: 4.043900 ms (FindLiveObjects: 0.474400 ms CreateObjectMapping: 0.385500 ms MarkObjects: 2.978200 ms  DeleteObjects: 0.205000 ms)

AssetImportParameters requested are different than current active one (requested -> active):
  custom:container-demuxer-ogg: 62fdf1f143b41e24485cea50d1cbac27 -> 
  custom:video-decoder-ogg-theora: a1e56fd34408186e4bbccfd4996cb3dc -> 
  custom:framework-win-MediaFoundation: 216162199b28c13a410421893ffa2e32 -> 
  custom:CustomObjectIndexerAttribute: 756ad292c208cfabdd7b50bc23989ffe -> 
  custom:container-demuxer-webm: 4f35f7cbe854078d1ac9338744f61a02 -> 
  custom:container-muxer-webm: aa71ff27fc2769a1b78a27578f13a17b -> 
  custom:video-decoder-webm-vp8: 9c59270c3fd7afecdb556c50c9e8de78 -> 
  custom:SearchIndexIgnoredProperties: e643bd26f0fe6173181afceb89e7c659 -> 
  custom:AudioImporter_EditorPlatform: d09bf68614088b80899f8185d706f6e7 -> 
  custom:video-encoder-webm-vp8: eb34c28f22e8b96e1ab97ce403110664 -> 
  custom:audio-decoder-ogg-vorbis: bf7c407c2cedff20999df2af8eb42d56 -> 
  custom:audio-encoder-webm-vorbis: bf7c407c2cedff20999df2af8eb42d56 -> 
========================================================================
Received Import Request.
  Time since last request: 491860.241009 seconds.
  path: Assets/Oculus/SampleFramework/Usage/DistanceGrab/Materials/Ball03WithOutline.mat
  artifactKey: Guid(9cba9da727fd742f5b4083909359be0f) Importer(815301076,1909f56bfc062723c751e8b465ee728b)
Start importing Assets/Oculus/SampleFramework/Usage/DistanceGrab/Materials/Ball03WithOutline.mat using Guid(9cba9da727fd742f5b4083909359be0f) Importer(815301076,1909f56bfc062723c751e8b465ee728b)  -> (artifact id: '1dfebc3e3c6e9daf9626cd537c5d1045') in 0.150599 seconds
Number of updated asset objects reloaded before import = 0
Number of asset objects unloaded after import = 3
========================================================================
Received Import Request.
  Time since last request: 0.000025 seconds.
  path: Assets/Oculus/VR/Materials/BasicHandMaterial.mat
  artifactKey: Guid(5ba7d209f622bb44e87b47ce27ee27b7) Importer(815301076,1909f56bfc062723c751e8b465ee728b)
Start importing Assets/Oculus/VR/Materials/BasicHandMaterial.mat using Guid(5ba7d209f622bb44e87b47ce27ee27b7) Importer(815301076,1909f56bfc062723c751e8b465ee728b)  -> (artifact id: '46b81d7050dfc492e16e0769ba1837fe') in 0.123501 seconds
Number of updated asset objects reloaded before import = 0
Number of asset objects unloaded after import = 2
========================================================================
Received Import Request.
  Time since last request: 0.000017 seconds.
  path: Assets/Oculus/Interaction/Samples/Objects/Props/Box/Materials/BoxMat.fbx
  artifactKey: Guid(6875b23b07de548a7be1538361ed683b) Importer(815301076,1909f56bfc062723c751e8b465ee728b)
Start importing Assets/Oculus/Interaction/Samples/Objects/Props/Box/Materials/BoxMat.fbx using Guid(6875b23b07de548a7be1538361ed683b) Importer(815301076,1909f56bfc062723c751e8b465ee728b)  -> (artifact id: '9af72ee252774600a00b7a6a00da6e69') in 0.081615 seconds
Number of updated asset objects reloaded before import = 0
Number of asset objects unloaded after import = 10
========================================================================
Received Import Request.
  Time since last request: 0.000030 seconds.
  path: Assets/Oculus/SampleFramework/Usage/SpatialAnchor/Materials/Blue.mat
  artifactKey: Guid(1b68ffca77c4c6344af03830dbeca2ca) Importer(815301076,1909f56bfc062723c751e8b465ee728b)
Start importing Assets/Oculus/SampleFramework/Usage/SpatialAnchor/Materials/Blue.mat using Guid(1b68ffca77c4c6344af03830dbeca2ca) Importer(815301076,1909f56bfc062723c751e8b465ee728b)  -> (artifact id: '7872ffae3a36f825fd55d4a76d474239') in 0.014875 seconds
Number of updated asset objects reloaded before import = 0
Number of asset objects unloaded after import = 1
========================================================================
Received Import Request.
  Time since last request: 0.000015 seconds.
  path: Assets/Oculus/SampleFramework/Usage/DistanceGrab/Materials/Ball10WithOutline.mat
  artifactKey: Guid(d00d1a54e2eb041f4aaa2e3a08cd3e93) Importer(815301076,1909f56bfc062723c751e8b465ee728b)
Start importing Assets/Oculus/SampleFramework/Usage/DistanceGrab/Materials/Ball10WithOutline.mat using Guid(d00d1a54e2eb041f4aaa2e3a08cd3e93) Importer(815301076,1909f56bfc062723c751e8b465ee728b)  -> (artifact id: '178b6f1433612ce55a2665400bcfb774') in 0.015342 seconds
Number of updated asset objects reloaded before import = 0
Number of asset objects unloaded after import = 3
========================================================================
Received Import Request.
  Time since last request: 0.000015 seconds.
  path: Assets/PostProcessingVolume/PostProcessing Volume/Example/Materials/Blue.mat
  artifactKey: Guid(c66efa8b04b3228428993beef10d51cf) Importer(815301076,1909f56bfc062723c751e8b465ee728b)
Start importing Assets/PostProcessingVolume/PostProcessing Volume/Example/Materials/Blue.mat using Guid(c66efa8b04b3228428993beef10d51cf) Importer(815301076,1909f56bfc062723c751e8b465ee728b)  -> (artifact id: 'c8a2a1d1c7a90581b2c503802a49c08b') in 0.012534 seconds
Number of updated asset objects reloaded before import = 0
Number of asset objects unloaded after import = 1
========================================================================
Received Import Request.
  Time since last request: 0.027966 seconds.
  path: Assets/Oculus/Spatializer/scenes/Standard Assets/Character Controllers/Sources/PrototypeCharacter/Materials/constructor_done.mat
  artifactKey: Guid(ca49380a71a2bb64c830d06bd421b9d1) Importer(815301076,1909f56bfc062723c751e8b465ee728b)
Start importing Assets/Oculus/Spatializer/scenes/Standard Assets/Character Controllers/Sources/PrototypeCharacter/Materials/constructor_done.mat using Guid(ca49380a71a2bb64c830d06bd421b9d1) Importer(815301076,1909f56bfc062723c751e8b465ee728b)  -> (artifact id: '4114656bf29db3b6748952440f933183') in 0.175561 seconds
Number of updated asset objects reloaded before import = 0
Number of asset objects unloaded after import = 2
========================================================================
Received Import Request.
  Time since last request: 0.023524 seconds.
  path: Assets/Oculus/VR/Materials/CubeMaterial.mat
  artifactKey: Guid(62db2d638434d5a488dfb1e789e34b37) Importer(815301076,1909f56bfc062723c751e8b465ee728b)
Start importing Assets/Oculus/VR/Materials/CubeMaterial.mat using Guid(62db2d638434d5a488dfb1e789e34b37) Importer(815301076,1909f56bfc062723c751e8b465ee728b)  -> (artifact id: '76f8c7470cdf9a023e4249dfd380ff70') in 0.020822 seconds
Number of updated asset objects reloaded before import = 0
Number of asset objects unloaded after import = 2
========================================================================
Received Import Request.
  Time since last request: 0.000016 seconds.
  path: Assets/Oculus/Interaction/Samples/Objects/Props/Materials/CubeMaterialBlue.mat
  artifactKey: Guid(d4b438dc8ad501b49a2690e746518b8e) Importer(815301076,1909f56bfc062723c751e8b465ee728b)
Start importing Assets/Oculus/Interaction/Samples/Objects/Props/Materials/CubeMaterialBlue.mat using Guid(d4b438dc8ad501b49a2690e746518b8e) Importer(815301076,1909f56bfc062723c751e8b465ee728b)  -> (artifact id: 'bbb26229c775faff0b3704d134195ad1') in 0.020753 seconds
Number of updated asset objects reloaded before import = 0
Number of asset objects unloaded after import = 2
========================================================================
Received Import Request.
  Time since last request: 0.373679 seconds.
  path: Assets/Oculus/Interaction/Samples/Objects/Props/Materials/CubeMaterialGreen.mat
  artifactKey: Guid(2cc7f2461925b5c45a164db3cf15d942) Importer(815301076,1909f56bfc062723c751e8b465ee728b)
Start importing Assets/Oculus/Interaction/Samples/Objects/Props/Materials/CubeMaterialGreen.mat using Guid(2cc7f2461925b5c45a164db3cf15d942) Importer(815301076,1909f56bfc062723c751e8b465ee728b)  -> (artifact id: '9d2cdf1e69bff53aedfdda5292385c66') in 0.013182 seconds
Number of updated asset objects reloaded before import = 0
Number of asset objects unloaded after import = 2
========================================================================
Received Import Request.
  Time since last request: 0.000018 seconds.
  path: Assets/Oculus/Interaction/Samples/Objects/Props/Materials/CubeMaterialGreen.fbx
  artifactKey: Guid(b8eb22bbef4e12041945f044aeab9469) Importer(815301076,1909f56bfc062723c751e8b465ee728b)
Start importing Assets/Oculus/Interaction/Samples/Objects/Props/Materials/CubeMaterialGreen.fbx using Guid(b8eb22bbef4e12041945f044aeab9469) Importer(815301076,1909f56bfc062723c751e8b465ee728b)  -> (artifact id: '5a1269d258f56a6f88278c9cee931a2f') in 0.020018 seconds
Number of updated asset objects reloaded before import = 0
Number of asset objects unloaded after import = 9
========================================================================
Received Import Request.
  Time since last request: 0.099036 seconds.
  path: Assets/Oculus/SampleFramework/Usage/SceneManager/Materials/Fabric.mat
  artifactKey: Guid(aae5e920b8e06ca44af918d3f48f4ad5) Importer(815301076,1909f56bfc062723c751e8b465ee728b)
Start importing Assets/Oculus/SampleFramework/Usage/SceneManager/Materials/Fabric.mat using Guid(aae5e920b8e06ca44af918d3f48f4ad5) Importer(815301076,1909f56bfc062723c751e8b465ee728b)  -> (artifact id: '15769d580f2a8e50fac2d89e6be423fa') in 0.021507 seconds
Number of updated asset objects reloaded before import = 0
Number of asset objects unloaded after import = 1
========================================================================
Received Import Request.
  Time since last request: 0.000016 seconds.
  path: Assets/Oculus/Interaction/Samples/Objects/Props/Torch/Particles/Materials/Flame.mat
  artifactKey: Guid(3e65fe499b776f247904d42c1a65d082) Importer(815301076,1909f56bfc062723c751e8b465ee728b)
Start importing Assets/Oculus/Interaction/Samples/Objects/Props/Torch/Particles/Materials/Flame.mat using Guid(3e65fe499b776f247904d42c1a65d082) Importer(815301076,1909f56bfc062723c751e8b465ee728b)  -> (artifact id: '117c7e324770e45ade0dbef437efba0b') in 0.039747 seconds
Number of updated asset objects reloaded before import = 0
Number of asset objects unloaded after import = 2
========================================================================
Received Import Request.
  Time since last request: 0.000016 seconds.
  path: Assets/Oculus/SampleFramework/Usage/Passthrough/Materials/FatHand.mat
  artifactKey: Guid(ab04d9fb6b1844341887a1606c641c42) Importer(815301076,1909f56bfc062723c751e8b465ee728b)
Start importing Assets/Oculus/SampleFramework/Usage/Passthrough/Materials/FatHand.mat using Guid(ab04d9fb6b1844341887a1606c641c42) Importer(815301076,1909f56bfc062723c751e8b465ee728b)  -> (artifact id: 'c14af1d2b0f8466d8e74a6c11e2b8238') in 0.016376 seconds
Number of updated asset objects reloaded before import = 0
Number of asset objects unloaded after import = 2
========================================================================
Received Import Request.
  Time since last request: 0.000024 seconds.
  path: Assets/Oculus/Interaction/Samples/Objects/Props/Torch/Particles/Materials/FlamePool.mat
  artifactKey: Guid(b16763e78b97b3846b0b387008718b25) Importer(815301076,1909f56bfc062723c751e8b465ee728b)
Start importing Assets/Oculus/Interaction/Samples/Objects/Props/Torch/Particles/Materials/FlamePool.mat using Guid(b16763e78b97b3846b0b387008718b25) Importer(815301076,1909f56bfc062723c751e8b465ee728b)  -> (artifact id: '6baf1be7c1a4e27c44191422fcb6fe60') in 0.018099 seconds
Number of updated asset objects reloaded before import = 0
Number of asset objects unloaded after import = 2
========================================================================
Received Import Request.
  Time since last request: 0.563963 seconds.
  path: Assets/Oculus/Interaction/Samples/Objects/Environment/Screen/Materials/FrameMaterial.fbx
  artifactKey: Guid(0149d0c06fc814c9abda2f5a244f6d81) Importer(815301076,1909f56bfc062723c751e8b465ee728b)
Start importing Assets/Oculus/Interaction/Samples/Objects/Environment/Screen/Materials/FrameMaterial.fbx using Guid(0149d0c06fc814c9abda2f5a244f6d81) Importer(815301076,1909f56bfc062723c751e8b465ee728b)  -> (artifact id: '2bb7b9ffdb56f02d5f64cc82f46cfb4c') in 0.025304 seconds
Number of updated asset objects reloaded before import = 0
Number of asset objects unloaded after import = 9
========================================================================
Received Import Request.
  Time since last request: 0.000015 seconds.
  path: Assets/Oculus/Interaction/Samples/Objects/Environment/MRDesk/Models/MRDesk.fbx
  artifactKey: Guid(c52c4e4029c7cc547a033db8b08dd4eb) Importer(815301076,1909f56bfc062723c751e8b465ee728b)
Start importing Assets/Oculus/Interaction/Samples/Objects/Environment/MRDesk/Models/MRDesk.fbx using Guid(c52c4e4029c7cc547a033db8b08dd4eb) Importer(815301076,1909f56bfc062723c751e8b465ee728b)  -> (artifact id: 'e7a0e0acdec1f5d7b16d4c833ca3f700') in 0.019957 seconds
Number of updated asset objects reloaded before import = 0
Number of asset objects unloaded after import = 8
========================================================================
Received Import Request.
  Time since last request: 0.000015 seconds.
  path: Assets/Oculus/Interaction/Samples/Materials/FramePoseTwoHandedParticle.mat
  artifactKey: Guid(4f0bfa166f8d21e4f8b433ae64c0c0c0) Importer(815301076,1909f56bfc062723c751e8b465ee728b)
Start importing Assets/Oculus/Interaction/Samples/Materials/FramePoseTwoHandedParticle.mat using Guid(4f0bfa166f8d21e4f8b433ae64c0c0c0) Importer(815301076,1909f56bfc062723c751e8b465ee728b)  -> (artifact id: 'd6a905700374ed6c172c4c958757cea7') in 0.017222 seconds
Number of updated asset objects reloaded before import = 0
Number of asset objects unloaded after import = 2
========================================================================
Received Import Request.
  Time since last request: 0.000026 seconds.
  path: Assets/Oculus/VR/Editor/BuildingBlocks/BlockData/RoomModel/Materials/Green.mat
  artifactKey: Guid(074f7ca1cb31a2541a295200f16705d9) Importer(815301076,1909f56bfc062723c751e8b465ee728b)
Start importing Assets/Oculus/VR/Editor/BuildingBlocks/BlockData/RoomModel/Materials/Green.mat using Guid(074f7ca1cb31a2541a295200f16705d9) Importer(815301076,1909f56bfc062723c751e8b465ee728b)  -> (artifact id: '2d6bec1f143f232f8905660857e071a6') in 0.012302 seconds
Number of updated asset objects reloaded before import = 0
Number of asset objects unloaded after import = 1
========================================================================
Received Import Request.
  Time since last request: 0.000019 seconds.
  path: Assets/Oculus/SampleFramework/Usage/SpatialAnchor/Materials/Green.mat
  artifactKey: Guid(2512827267cc0da4a90ecb92fd35043b) Importer(815301076,1909f56bfc062723c751e8b465ee728b)
Start importing Assets/Oculus/SampleFramework/Usage/SpatialAnchor/Materials/Green.mat using Guid(2512827267cc0da4a90ecb92fd35043b) Importer(815301076,1909f56bfc062723c751e8b465ee728b)  -> (artifact id: '49bbef70487425245178ecc432820830') in 0.012884 seconds
Number of updated asset objects reloaded before import = 0
Number of asset objects unloaded after import = 1
========================================================================
Received Import Request.
  Time since last request: 0.000013 seconds.
  path: Assets/Oculus/SampleFramework/Usage/SceneManager/Materials/Green.mat
  artifactKey: Guid(302477ffe5025c8418b312bcaf88563f) Importer(815301076,1909f56bfc062723c751e8b465ee728b)
Start importing Assets/Oculus/SampleFramework/Usage/SceneManager/Materials/Green.mat using Guid(302477ffe5025c8418b312bcaf88563f) Importer(815301076,1909f56bfc062723c751e8b465ee728b)  -> (artifact id: 'a9e625a29fcbd1abcddbaaff481f32ea') in 0.005799 seconds
Number of updated asset objects reloaded before import = 0
Number of asset objects unloaded after import = 1
========================================================================
Received Import Request.
  Time since last request: 0.000013 seconds.
  path: Assets/Oculus/SampleFramework/Usage/Passthrough/Materials/Graffiti.mat
  artifactKey: Guid(dd331cc38e3258643bf0d3d221718362) Importer(815301076,1909f56bfc062723c751e8b465ee728b)
Start importing Assets/Oculus/SampleFramework/Usage/Passthrough/Materials/Graffiti.mat using Guid(dd331cc38e3258643bf0d3d221718362) Importer(815301076,1909f56bfc062723c751e8b465ee728b)  -> (artifact id: 'c91f3a52933b4b18b501f6d4db8c96a5') in 0.019364 seconds
Number of updated asset objects reloaded before import = 0
Number of asset objects unloaded after import = 2
========================================================================
Received Import Request.
  Time since last request: 0.012323 seconds.
  path: Assets/PostProcessingVolume/PostProcessing Volume/Example/Materials/Grey.mat
  artifactKey: Guid(ff3cd4ddbdc62224eab282e7a81b1a67) Importer(815301076,1909f56bfc062723c751e8b465ee728b)
Start importing Assets/PostProcessingVolume/PostProcessing Volume/Example/Materials/Grey.mat using Guid(ff3cd4ddbdc62224eab282e7a81b1a67) Importer(815301076,1909f56bfc062723c751e8b465ee728b)  -> (artifact id: 'a524511ad4e79cea4b0d836ea35b9de9') in 0.013735 seconds
Number of updated asset objects reloaded before import = 0
Number of asset objects unloaded after import = 1
========================================================================
Received Import Request.
  Time since last request: 0.000014 seconds.
  path: Assets/Oculus/SampleFramework/Usage/HandsTrainExample/Materials/GridMat.mat
  artifactKey: Guid(ef9e1306ede8d0f48b798c2341d75ffc) Importer(815301076,1909f56bfc062723c751e8b465ee728b)
Start importing Assets/Oculus/SampleFramework/Usage/HandsTrainExample/Materials/GridMat.mat using Guid(ef9e1306ede8d0f48b798c2341d75ffc) Importer(815301076,1909f56bfc062723c751e8b465ee728b)  -> (artifact id: 'bb0b0164e1732016654aaf23266310cc') in 0.016325 seconds
Number of updated asset objects reloaded before import = 0
Number of asset objects unloaded after import = 2
========================================================================
Received Import Request.
  Time since last request: 0.000018 seconds.
  path: Assets/Oculus/Interaction/Samples/Materials/HandStopParticle.mat
  artifactKey: Guid(e42185d31895c2d4cbbcd05d29a4c115) Importer(815301076,1909f56bfc062723c751e8b465ee728b)
Start importing Assets/Oculus/Interaction/Samples/Materials/HandStopParticle.mat using Guid(e42185d31895c2d4cbbcd05d29a4c115) Importer(815301076,1909f56bfc062723c751e8b465ee728b)  -> (artifact id: '2ce704311ed84e55fcb392a3a6ff16cd') in 0.015490 seconds
Number of updated asset objects reloaded before import = 0
Number of asset objects unloaded after import = 2
========================================================================
Received Import Request.
  Time since last request: 0.000018 seconds.
  path: Assets/Oculus/LipSync/Models/RobotHead_TextureFlip/Materials/Head-2.mat
  artifactKey: Guid(b8f002f88e9d7e847b5306f3338f80db) Importer(815301076,1909f56bfc062723c751e8b465ee728b)
Start importing Assets/Oculus/LipSync/Models/RobotHead_TextureFlip/Materials/Head-2.mat using Guid(b8f002f88e9d7e847b5306f3338f80db) Importer(815301076,1909f56bfc062723c751e8b465ee728b)  -> (artifact id: 'b7cc1e62ddfcc0a9484207294089937b') in 0.126422 seconds
Number of updated asset objects reloaded before import = 0
Number of asset objects unloaded after import = 2
========================================================================
Received Import Request.
  Time since last request: 0.261472 seconds.
  path: Assets/Oculus/Voice/Samples/LightTraits/Materials/LightOn.mat
  artifactKey: Guid(ef2fb0acd0979394e9c74e0f2dc8adb1) Importer(815301076,1909f56bfc062723c751e8b465ee728b)
Start importing Assets/Oculus/Voice/Samples/LightTraits/Materials/LightOn.mat using Guid(ef2fb0acd0979394e9c74e0f2dc8adb1) Importer(815301076,1909f56bfc062723c751e8b465ee728b)  -> (artifact id: 'f37010821db450dd0861618a81d7dfea') in 0.172247 seconds
Number of updated asset objects reloaded before import = 0
Number of asset objects unloaded after import = 1
========================================================================
Received Import Request.
  Time since last request: 0.000017 seconds.
  path: Assets/Oculus/SampleFramework/Usage/SpatialAnchor/Materials/LineMat.mat
  artifactKey: Guid(0cbffc4fb1a293742bc1585db8956773) Importer(815301076,1909f56bfc062723c751e8b465ee728b)
Start importing Assets/Oculus/SampleFramework/Usage/SpatialAnchor/Materials/LineMat.mat using Guid(0cbffc4fb1a293742bc1585db8956773) Importer(815301076,1909f56bfc062723c751e8b465ee728b)  -> (artifact id: '95e8c1d9d55fe9df040738be2ab17ca6') in 0.011379 seconds
Number of updated asset objects reloaded before import = 0
Number of asset objects unloaded after import = 1
========================================================================
Received Import Request.
  Time since last request: 0.000020 seconds.
  path: Assets/Oculus/Interaction/Samples/Objects/Environment/Locomotion/Models/Materials/LocomotionBalconyMat.mat
  artifactKey: Guid(c74f2a7d4fc8fd648a0cdbecbe5e1a20) Importer(815301076,1909f56bfc062723c751e8b465ee728b)
Start importing Assets/Oculus/Interaction/Samples/Objects/Environment/Locomotion/Models/Materials/LocomotionBalconyMat.mat using Guid(c74f2a7d4fc8fd648a0cdbecbe5e1a20) Importer(815301076,1909f56bfc062723c751e8b465ee728b)  -> (artifact id: '6a0b7eeb3e34f3f08985d97c69c037e1') in 0.013136 seconds
Number of updated asset objects reloaded before import = 0
Number of asset objects unloaded after import = 2
========================================================================
Received Import Request.
  Time since last request: 0.000016 seconds.
  path: Assets/Oculus/Interaction/Samples/Objects/Environment/Locomotion/Models/Materials/LocomotionConcreteMat.mat
  artifactKey: Guid(9c1b64233560e0c4a9e466e92347a2aa) Importer(815301076,1909f56bfc062723c751e8b465ee728b)
Start importing Assets/Oculus/Interaction/Samples/Objects/Environment/Locomotion/Models/Materials/LocomotionConcreteMat.mat using Guid(9c1b64233560e0c4a9e466e92347a2aa) Importer(815301076,1909f56bfc062723c751e8b465ee728b)  -> (artifact id: '0ec3603e037a1233e64f871cd94efdaa') in 0.017455 seconds
Number of updated asset objects reloaded before import = 0
Number of asset objects unloaded after import = 3
========================================================================
Received Import Request.
  Time since last request: 0.607715 seconds.
  path: Assets/Brick Project Studio/Apartment Kit/_BPS Basic Assets/_Prefabs/Common/Models/Legacy/office chair.fbx
  artifactKey: Guid(0156872a951ba6e44a3a8596040789c9) Importer(815301076,1909f56bfc062723c751e8b465ee728b)
Start importing Assets/Brick Project Studio/Apartment Kit/_BPS Basic Assets/_Prefabs/Common/Models/Legacy/office chair.fbx using Guid(0156872a951ba6e44a3a8596040789c9) Importer(815301076,1909f56bfc062723c751e8b465ee728b)  -> (artifact id: '117d5b556b951bfcb963b581a8d63311') in 0.082351 seconds
Number of updated asset objects reloaded before import = 0
Number of asset objects unloaded after import = 48
========================================================================
Received Import Request.
  Time since last request: 0.000036 seconds.
  path: Assets/Brick Project Studio/Apartment Kit/_BPS Basic Assets/_Prefabs/Common/Models/Build Kits/Build Kit Interior Updated_01.fbx
  artifactKey: Guid(013043932069e224e90b516d38cdab48) Importer(815301076,1909f56bfc062723c751e8b465ee728b)
Start importing Assets/Brick Project Studio/Apartment Kit/_BPS Basic Assets/_Prefabs/Common/Models/Build Kits/Build Kit Interior Updated_01.fbx using Guid(013043932069e224e90b516d38cdab48) Importer(815301076,1909f56bfc062723c751e8b465ee728b)  -> (artifact id: 'c9576ff6229e616765d47e2d5aee3866') in 0.078716 seconds
Number of updated asset objects reloaded before import = 0
Number of asset objects unloaded after import = 50
========================================================================
Received Import Request.
  Time since last request: 1.268000 seconds.
  path: Assets/Oculus/SampleFramework/Usage/Locomotion/Materials/MAT_metal_01.mat
  artifactKey: Guid(6fa48c2a126d0d74e8bb671b62e8cb1b) Importer(815301076,1909f56bfc062723c751e8b465ee728b)
Start importing Assets/Oculus/SampleFramework/Usage/Locomotion/Materials/MAT_metal_01.mat using Guid(6fa48c2a126d0d74e8bb671b62e8cb1b) Importer(815301076,1909f56bfc062723c751e8b465ee728b)  -> (artifact id: 'bbdcedf680194940b6413d986bcf1bfb') in 0.146484 seconds
Number of updated asset objects reloaded before import = 0
Number of asset objects unloaded after import = 4
========================================================================
Received Import Request.
  Time since last request: 49.101838 seconds.
  path: Assets/Brick Project Studio/Apartment Kit/_BPS Basic Assets/_Prefabs/Common/Models/Build Kits/Build Kit Exterior.fbx
  artifactKey: Guid(1e4c9d0deb3bcc144ae6e91318e143a7) Importer(815301076,1909f56bfc062723c751e8b465ee728b)
Start importing Assets/Brick Project Studio/Apartment Kit/_BPS Basic Assets/_Prefabs/Common/Models/Build Kits/Build Kit Exterior.fbx using Guid(1e4c9d0deb3bcc144ae6e91318e143a7) Importer(815301076,1909f56bfc062723c751e8b465ee728b)  -> (artifact id: '7570658a9f11ac7279fdc2414a55b870') in 0.078363 seconds
Number of updated asset objects reloaded before import = 0
Number of asset objects unloaded after import = 50
========================================================================
Received Import Request.
  Time since last request: 3.915967 seconds.
  path: Assets/Oculus/VR/Meshes/OculusTouchForQuest2/OculusTouchForQuest2_Left.fbx
  artifactKey: Guid(8b83018900d13bb4f8e0ad895cb004e5) Importer(815301076,1909f56bfc062723c751e8b465ee728b)
Start importing Assets/Oculus/VR/Meshes/OculusTouchForQuest2/OculusTouchForQuest2_Left.fbx using Guid(8b83018900d13bb4f8e0ad895cb004e5) Importer(815301076,1909f56bfc062723c751e8b465ee728b)  -> (artifact id: '9aece8bf7ade53630e8850f4e48bdf9b') in 0.059172 seconds
Number of updated asset objects reloaded before import = 0
Number of asset objects unloaded after import = 49
========================================================================
Received Import Request.
  Time since last request: 0.000015 seconds.
  path: Assets/Oculus/VR/Meshes/MetaQuestTouchPro/MetaQuestTouchPro_Left.fbx
  artifactKey: Guid(2b9768cc0be08784b91b7da60696ba29) Importer(815301076,1909f56bfc062723c751e8b465ee728b)
Start importing Assets/Oculus/VR/Meshes/MetaQuestTouchPro/MetaQuestTouchPro_Left.fbx using Guid(2b9768cc0be08784b91b7da60696ba29) Importer(815301076,1909f56bfc062723c751e8b465ee728b)  -> (artifact id: 'a4613eb5fe530364525eb724a4a605c1') in 0.088901 seconds
Number of updated asset objects reloaded before import = 0
Number of asset objects unloaded after import = 58
========================================================================
Received Import Request.
  Time since last request: 0.131120 seconds.
  path: Assets/Oculus/Interaction/Samples/Objects/Environment/Locomotion/Models/Meta_LocomotionBench.fbx
  artifactKey: Guid(5591613db3f171d44ba7aed51c6351f9) Importer(815301076,1909f56bfc062723c751e8b465ee728b)
Start importing Assets/Oculus/Interaction/Samples/Objects/Environment/Locomotion/Models/Meta_LocomotionBench.fbx using Guid(5591613db3f171d44ba7aed51c6351f9) Importer(815301076,1909f56bfc062723c751e8b465ee728b)  -> (artifact id: '6fbd3f674f538e81bcb7bf0dc584b46e') in 0.036656 seconds
Number of updated asset objects reloaded before import = 0
Number of asset objects unloaded after import = 21
========================================================================
Received Import Request.
  Time since last request: 0.368861 seconds.
  path: Assets/Oculus/Interaction/Runtime/Meshes/HandLeft.asset
  artifactKey: Guid(d62eb29994855484da750dff41b8b018) Importer(815301076,1909f56bfc062723c751e8b465ee728b)
Start importing Assets/Oculus/Interaction/Runtime/Meshes/HandLeft.asset using Guid(d62eb29994855484da750dff41b8b018) Importer(815301076,1909f56bfc062723c751e8b465ee728b)  -> (artifact id: 'aca2c14dddfd60520371d29a6cd1912a') in 0.019733 seconds
Number of updated asset objects reloaded before import = 0
Number of asset objects unloaded after import = 2
========================================================================
Received Import Request.
  Time since last request: 0.003096 seconds.
  path: Assets/Oculus/LipSync/Models/FemaleHead_Morph/Female.fbx
  artifactKey: Guid(cbaf1c32e7ec84f10a51be1b09c0ef46) Importer(815301076,1909f56bfc062723c751e8b465ee728b)
Start importing Assets/Oculus/LipSync/Models/FemaleHead_Morph/Female.fbx using Guid(cbaf1c32e7ec84f10a51be1b09c0ef46) Importer(815301076,1909f56bfc062723c751e8b465ee728b)  -> (artifact id: '3af383d06475a7e083d236733be0ccb0') in 0.608729 seconds
Number of updated asset objects reloaded before import = 0
Number of asset objects unloaded after import = 46
========================================================================
Received Import Request.
  Time since last request: 0.034191 seconds.
  path: Assets/Oculus/Interaction/Runtime/Meshes/Locomotion/LocomotionPointer.fbx
  artifactKey: Guid(fc0fd19b38dfb6a4ba0336bf7b518c8e) Importer(815301076,1909f56bfc062723c751e8b465ee728b)
Start importing Assets/Oculus/Interaction/Runtime/Meshes/Locomotion/LocomotionPointer.fbx using Guid(fc0fd19b38dfb6a4ba0336bf7b518c8e) Importer(815301076,1909f56bfc062723c751e8b465ee728b)  -> (artifact id: 'a25f280b4bf38ff40ffb7caa89c3e0d7') in 0.024287 seconds
Number of updated asset objects reloaded before import = 0
Number of asset objects unloaded after import = 13
========================================================================
Received Import Request.
  Time since last request: 0.000019 seconds.
  path: Assets/Oculus/SampleFramework/Usage/Locomotion/Models/Cube_1_9.fbx
  artifactKey: Guid(27b0bc30a7a594c8ebf062ec735d41e0) Importer(815301076,1909f56bfc062723c751e8b465ee728b)
Start importing Assets/Oculus/SampleFramework/Usage/Locomotion/Models/Cube_1_9.fbx using Guid(27b0bc30a7a594c8ebf062ec735d41e0) Importer(815301076,1909f56bfc062723c751e8b465ee728b)  -> (artifact id: 'cdff7159046dafbf0fd5dbcf1eb344c7') in 0.019059 seconds
Number of updated asset objects reloaded before import = 0
Number of asset objects unloaded after import = 9
========================================================================
Received Import Request.
  Time since last request: 0.002460 seconds.
  path: Assets/Oculus/SampleFramework/Usage/Locomotion/Models/Cube_1_1.fbx
  artifactKey: Guid(502c3d024430a46e1a352dd7c830b88e) Importer(815301076,1909f56bfc062723c751e8b465ee728b)
Start importing Assets/Oculus/SampleFramework/Usage/Locomotion/Models/Cube_1_1.fbx using Guid(502c3d024430a46e1a352dd7c830b88e) Importer(815301076,1909f56bfc062723c751e8b465ee728b)  -> (artifact id: '48a129b9a450761668f85e9f2fcef101') in 0.016739 seconds
Number of updated asset objects reloaded before import = 0
Number of asset objects unloaded after import = 9
========================================================================
Received Import Request.
  Time since last request: 0.000015 seconds.
  path: Assets/Oculus/SampleFramework/Usage/Locomotion/Models/Cube_1_4.fbx
  artifactKey: Guid(224c38915b3804120a195b495c4d21e2) Importer(815301076,1909f56bfc062723c751e8b465ee728b)
Start importing Assets/Oculus/SampleFramework/Usage/Locomotion/Models/Cube_1_4.fbx using Guid(224c38915b3804120a195b495c4d21e2) Importer(815301076,1909f56bfc062723c751e8b465ee728b)  -> (artifact id: '528fee2e665794b88fe3d8b12ebd19e3') in 0.017508 seconds
Number of updated asset objects reloaded before import = 0
Number of asset objects unloaded after import = 9
========================================================================
Received Import Request.
  Time since last request: 0.069000 seconds.
  path: Assets/Oculus/SampleFramework/Core/TouchControllers/NewTouchControllers/controller_r.fbx
  artifactKey: Guid(a5ff41a7886a0ba429cf9e8b9620d2e9) Importer(815301076,1909f56bfc062723c751e8b465ee728b)
Start importing Assets/Oculus/SampleFramework/Core/TouchControllers/NewTouchControllers/controller_r.fbx using Guid(a5ff41a7886a0ba429cf9e8b9620d2e9) Importer(815301076,1909f56bfc062723c751e8b465ee728b)  -> (artifact id: '47c7d587a4e17069ec0a0a668f030eab') in 0.029226 seconds
Number of updated asset objects reloaded before import = 0
Number of asset objects unloaded after import = 25
========================================================================
Received Import Request.
  Time since last request: 0.000020 seconds.
  path: Assets/Oculus/Interaction/Samples/Objects/Props/CoffeeCup/CoffeeCupFractured.fbx
  artifactKey: Guid(055b4edebb104c34c842d52b42aca235) Importer(815301076,1909f56bfc062723c751e8b465ee728b)
Start importing Assets/Oculus/Interaction/Samples/Objects/Props/CoffeeCup/CoffeeCupFractured.fbx using Guid(055b4edebb104c34c842d52b42aca235) Importer(815301076,1909f56bfc062723c751e8b465ee728b)  -> (artifact id: '9db9d0b95cd1138efed7b2c86387702e') in 0.136940 seconds
Number of updated asset objects reloaded before import = 0
Number of asset objects unloaded after import = 87
========================================================================
Received Import Request.
  Time since last request: 0.480868 seconds.
  path: Assets/Oculus/SampleFramework/Usage/Locomotion/Models/BridgePlatform01.fbx
  artifactKey: Guid(45fe47bcb515e419e8d449523fac0782) Importer(815301076,1909f56bfc062723c751e8b465ee728b)
Start importing Assets/Oculus/SampleFramework/Usage/Locomotion/Models/BridgePlatform01.fbx using Guid(45fe47bcb515e419e8d449523fac0782) Importer(815301076,1909f56bfc062723c751e8b465ee728b)  -> (artifact id: 'd8f1e4546d1e1d32bd6936976759e8be') in 0.017077 seconds
Number of updated asset objects reloaded before import = 0
Number of asset objects unloaded after import = 9
========================================================================
Received Import Request.
  Time since last request: 0.203376 seconds.
  path: Assets/Oculus/SampleFramework/Usage/SharedAssets/Models/block_wood_01.fbx
  artifactKey: Guid(6ec0c875cb1c94e40afcad0a0161eb4e) Importer(815301076,1909f56bfc062723c751e8b465ee728b)
Start importing Assets/Oculus/SampleFramework/Usage/SharedAssets/Models/block_wood_01.fbx using Guid(6ec0c875cb1c94e40afcad0a0161eb4e) Importer(815301076,1909f56bfc062723c751e8b465ee728b)  -> (artifact id: 'b19ffa5e9d9dccf59022addb37a98430') in 0.165197 seconds
Number of updated asset objects reloaded before import = 0
Number of asset objects unloaded after import = 10
========================================================================
Received Import Request.
  Time since last request: 0.662478 seconds.
  path: Assets/Oculus/Interaction/Samples/Objects/Environment/Room/Models/backgroundSkyDome.fbx
  artifactKey: Guid(216e64467da9e644b990c6663f483186) Importer(815301076,1909f56bfc062723c751e8b465ee728b)
Start importing Assets/Oculus/Interaction/Samples/Objects/Environment/Room/Models/backgroundSkyDome.fbx using Guid(216e64467da9e644b990c6663f483186) Importer(815301076,1909f56bfc062723c751e8b465ee728b)  -> (artifact id: '167ecc7620094294a0443cf219f265c6') in 0.015404 seconds
Number of updated asset objects reloaded before import = 0
Number of asset objects unloaded after import = 8
========================================================================
Received Import Request.
  Time since last request: 0.273336 seconds.
  path: Assets/Oculus/SampleFramework/Usage/Locomotion/Models/Cube_1x4.fbx
  artifactKey: Guid(24da116da1bdc42f9baa1d364abfbf73) Importer(815301076,1909f56bfc062723c751e8b465ee728b)
Start importing Assets/Oculus/SampleFramework/Usage/Locomotion/Models/Cube_1x4.fbx using Guid(24da116da1bdc42f9baa1d364abfbf73) Importer(815301076,1909f56bfc062723c751e8b465ee728b)  -> (artifact id: '2f92d3c611bf20024a12eaf020302707') in 0.017417 seconds
Number of updated asset objects reloaded before import = 0
Number of asset objects unloaded after import = 9
========================================================================
Received Import Request.
  Time since last request: 0.068050 seconds.
  path: Assets/Oculus/SampleFramework/Usage/Locomotion/Models/GroundSection01.fbx
  artifactKey: Guid(3b3b1c9d534014038a8a08e1d286b9f4) Importer(815301076,1909f56bfc062723c751e8b465ee728b)
Start importing Assets/Oculus/SampleFramework/Usage/Locomotion/Models/GroundSection01.fbx using Guid(3b3b1c9d534014038a8a08e1d286b9f4) Importer(815301076,1909f56bfc062723c751e8b465ee728b)  -> (artifact id: 'f728aa2971df782ac95af0c24f826d35') in 0.044696 seconds
Number of updated asset objects reloaded before import = 0
Number of asset objects unloaded after import = 19
========================================================================
Received Import Request.
  Time since last request: 0.043056 seconds.
  path: Assets/Oculus/SampleFramework/Core/CustomHands/Models/l_hand_skeletal_lowres.fbx
  artifactKey: Guid(ca20b3907ff1c794cb89c1ad2cce8282) Importer(815301076,1909f56bfc062723c751e8b465ee728b)
Start importing Assets/Oculus/SampleFramework/Core/CustomHands/Models/l_hand_skeletal_lowres.fbx using Guid(ca20b3907ff1c794cb89c1ad2cce8282) Importer(815301076,1909f56bfc062723c751e8b465ee728b)  -> (artifact id: 'ad8d33f34b7f8a01fad71ccd2fdc04a3') in 0.024735 seconds
Number of updated asset objects reloaded before import = 0
Number of asset objects unloaded after import = 64
========================================================================
Received Import Request.
  Time since last request: 0.190251 seconds.
  path: Assets/Oculus/Interaction/Samples/Objects/Props/MapWithPins/Models/Map.fbx
  artifactKey: Guid(cd73f6b8f40287b4098cc37be5584120) Importer(815301076,1909f56bfc062723c751e8b465ee728b)
Start importing Assets/Oculus/Interaction/Samples/Objects/Props/MapWithPins/Models/Map.fbx using Guid(cd73f6b8f40287b4098cc37be5584120) Importer(815301076,1909f56bfc062723c751e8b465ee728b)  -> (artifact id: '7668ac4a1ad3b7a7295dde60edc9f357') in 0.018080 seconds
Number of updated asset objects reloaded before import = 0
Number of asset objects unloaded after import = 7
========================================================================
Received Import Request.
  Time since last request: 0.000016 seconds.
  path: Assets/Oculus/Interaction/Samples/Objects/Props/MapWithPins/Models/MapPointer.fbx
  artifactKey: Guid(d965108dd6326c74ab84da39a3c86b34) Importer(815301076,1909f56bfc062723c751e8b465ee728b)
Start importing Assets/Oculus/Interaction/Samples/Objects/Props/MapWithPins/Models/MapPointer.fbx using Guid(d965108dd6326c74ab84da39a3c86b34) Importer(815301076,1909f56bfc062723c751e8b465ee728b)  -> (artifact id: '677caf637db57abda35b08dd275053f1') in 0.028929 seconds
Number of updated asset objects reloaded before import = 0
Number of asset objects unloaded after import = 14
========================================================================
Received Import Request.
  Time since last request: 0.000017 seconds.
  path: Assets/Oculus/Interaction/Samples/Objects/Environment/Locomotion/Models/Meta_LocomotionBalcony.fbx
  artifactKey: Guid(9821f61cd29cd1f4cb0ee51806a24535) Importer(815301076,1909f56bfc062723c751e8b465ee728b)
Start importing Assets/Oculus/Interaction/Samples/Objects/Environment/Locomotion/Models/Meta_LocomotionBalcony.fbx using Guid(9821f61cd29cd1f4cb0ee51806a24535) Importer(815301076,1909f56bfc062723c751e8b465ee728b)  -> (artifact id: '24de9125ffd48035310d388b468f43fd') in 0.059808 seconds
Number of updated asset objects reloaded before import = 0
Number of asset objects unloaded after import = 35
========================================================================
Received Import Request.
  Time since last request: 0.365221 seconds.
  path: Assets/Oculus/Interaction/Samples/Objects/Props/TennisBall/TennisBallMat.fbx
  artifactKey: Guid(d5e02c6494e9145b5880a3f4255f2d57) Importer(815301076,1909f56bfc062723c751e8b465ee728b)
Start importing Assets/Oculus/Interaction/Samples/Objects/Props/TennisBall/TennisBallMat.fbx using Guid(d5e02c6494e9145b5880a3f4255f2d57) Importer(815301076,1909f56bfc062723c751e8b465ee728b)  -> (artifact id: '618ba4dea373371e37d3cba237592392') in 0.030194 seconds
Number of updated asset objects reloaded before import = 0
Number of asset objects unloaded after import = 9
========================================================================
Received Import Request.
  Time since last request: 0.097813 seconds.
  path: Assets/Oculus/Interaction/Samples/Objects/Props/StonePolyhedra/Materials/StonePolyhedraMat.fbx
  artifactKey: Guid(7e16fe83b18a246aa899b656c3317d43) Importer(815301076,1909f56bfc062723c751e8b465ee728b)
Start importing Assets/Oculus/Interaction/Samples/Objects/Props/StonePolyhedra/Materials/StonePolyhedraMat.fbx using Guid(7e16fe83b18a246aa899b656c3317d43) Importer(815301076,1909f56bfc062723c751e8b465ee728b)  -> (artifact id: 'afe1c6110f96ced5529773831ea8e50d') in 0.026567 seconds
Number of updated asset objects reloaded before import = 0
Number of asset objects unloaded after import = 9
========================================================================
Received Import Request.
  Time since last request: 0.000019 seconds.
  path: Assets/Oculus/Interaction/Samples/Objects/Environment/Screen/Materials/ScreenMaterial.fbx
  artifactKey: Guid(7901d8219f6a24ef0a60ce89da693f9c) Importer(815301076,1909f56bfc062723c751e8b465ee728b)
Start importing Assets/Oculus/Interaction/Samples/Objects/Environment/Screen/Materials/ScreenMaterial.fbx using Guid(7901d8219f6a24ef0a60ce89da693f9c) Importer(815301076,1909f56bfc062723c751e8b465ee728b)  -> (artifact id: 'ee4c1df8551be8c776381c6cf00e9166') in 0.026486 seconds
Number of updated asset objects reloaded before import = 0
Number of asset objects unloaded after import = 9
========================================================================
Received Import Request.
  Time since last request: 0.220790 seconds.
  path: Assets/Oculus/SampleFramework/Core/TouchControllers/Models/right_touch_controller_model_skel.fbx
  artifactKey: Guid(270ca9aaa39af4d4bb26754fdce0c971) Importer(815301076,1909f56bfc062723c751e8b465ee728b)
Start importing Assets/Oculus/SampleFramework/Core/TouchControllers/Models/right_touch_controller_model_skel.fbx using Guid(270ca9aaa39af4d4bb26754fdce0c971) Importer(815301076,1909f56bfc062723c751e8b465ee728b)  -> (artifact id: 'ea3e390be3ac75eefe4f38868e1dbfd8') in 0.075981 seconds
Number of updated asset objects reloaded before import = 0
Number of asset objects unloaded after import = 65
========================================================================
Received Import Request.
  Time since last request: 0.159364 seconds.
  path: Assets/Oculus/Interaction/Samples/Objects/Props/SprayBottle/SprayBottle.fbx
  artifactKey: Guid(9b4f7990d8eab1f4faf8c68946e53273) Importer(815301076,1909f56bfc062723c751e8b465ee728b)
Start importing Assets/Oculus/Interaction/Samples/Objects/Props/SprayBottle/SprayBottle.fbx using Guid(9b4f7990d8eab1f4faf8c68946e53273) Importer(815301076,1909f56bfc062723c751e8b465ee728b)  -> (artifact id: '0a3f18191985312c02afb8d073f2fe07') in 0.039892 seconds
Number of updated asset objects reloaded before import = 0
Number of asset objects unloaded after import = 32
========================================================================
Received Import Request.
  Time since last request: 0.116616 seconds.
  path: Assets/Oculus/SampleFramework/Usage/Locomotion/Models/ThinBars.fbx
  artifactKey: Guid(3912ee21d70e642d9aefc6aa25df6390) Importer(815301076,1909f56bfc062723c751e8b465ee728b)
Start importing Assets/Oculus/SampleFramework/Usage/Locomotion/Models/ThinBars.fbx using Guid(3912ee21d70e642d9aefc6aa25df6390) Importer(815301076,1909f56bfc062723c751e8b465ee728b)  -> (artifact id: 'bb38656a13ea594b9eb0b334d6acdc5a') in 0.021627 seconds
Number of updated asset objects reloaded before import = 0
Number of asset objects unloaded after import = 11
========================================================================
Received Import Request.
  Time since last request: 0.035658 seconds.
  path: Assets/Oculus/SampleFramework/Usage/Locomotion/Models/WedgeCeiling_10.fbx
  artifactKey: Guid(5a57539efb226489f93795837f26cd06) Importer(815301076,1909f56bfc062723c751e8b465ee728b)
Start importing Assets/Oculus/SampleFramework/Usage/Locomotion/Models/WedgeCeiling_10.fbx using Guid(5a57539efb226489f93795837f26cd06) Importer(815301076,1909f56bfc062723c751e8b465ee728b)  -> (artifact id: '586fc563e10a4797bba3505df8fe1726') in 0.019012 seconds
Number of updated asset objects reloaded before import = 0
Number of asset objects unloaded after import = 9
========================================================================
Received Import Request.
  Time since last request: 6.834679 seconds.
  path: Assets/Oculus/Interaction/Samples/Objects/Props/BigStone/Materials/BigStoneMat.mat
  artifactKey: Guid(d786d4ccd0847a64f80d21ee6b07874f) Importer(815301076,1909f56bfc062723c751e8b465ee728b)
Start importing Assets/Oculus/Interaction/Samples/Objects/Props/BigStone/Materials/BigStoneMat.mat using Guid(d786d4ccd0847a64f80d21ee6b07874f) Importer(815301076,1909f56bfc062723c751e8b465ee728b)  -> (artifact id: '39412d47cd9bb0c28e62b46ce0e82019') in 0.012834 seconds
Number of updated asset objects reloaded before import = 0
Number of asset objects unloaded after import = 2
========================================================================
Received Import Request.
  Time since last request: 59.804853 seconds.
  path: Assets/Brick Project Studio/Apartment Kit/_BPS Basic Assets/_Prefabs/Common/Textures/Basic Asset/BA_Concrete_N.png
  artifactKey: Guid(5ef54bc528dd11344b45f3c8a9aed64b) Importer(815301076,1909f56bfc062723c751e8b465ee728b)
Start importing Assets/Brick Project Studio/Apartment Kit/_BPS Basic Assets/_Prefabs/Common/Textures/Basic Asset/BA_Concrete_N.png using Guid(5ef54bc528dd11344b45f3c8a9aed64b) Importer(815301076,1909f56bfc062723c751e8b465ee728b)  -> (artifact id: '40fa0153eff6d6adfc13338ad7bd9239') in 0.032895 seconds
Number of updated asset objects reloaded before import = 0
Number of asset objects unloaded after import = 2
========================================================================
Received Import Request.
  Time since last request: 0.000018 seconds.
  path: Assets/Brick Project Studio/Apartment Kit/_BPS Basic Assets/_Prefabs/Common/Textures/Basic Asset/BA_leather_N.png
  artifactKey: Guid(bba906a60a6f55441b3ab8088f837cf7) Importer(815301076,1909f56bfc062723c751e8b465ee728b)
Start importing Assets/Brick Project Studio/Apartment Kit/_BPS Basic Assets/_Prefabs/Common/Textures/Basic Asset/BA_leather_N.png using Guid(bba906a60a6f55441b3ab8088f837cf7) Importer(815301076,1909f56bfc062723c751e8b465ee728b)  -> (artifact id: 'db54c0d4083a81fe77ba22aade16e107') in 0.022891 seconds
Number of updated asset objects reloaded before import = 0
Number of asset objects unloaded after import = 2
========================================================================
Received Import Request.
  Time since last request: 0.000016 seconds.
  path: Assets/Brick Project Studio/Apartment Kit/_BPS Basic Assets/_Prefabs/Common/Textures/Basic Asset/BA_Metal_Brushed_01_A.png
  artifactKey: Guid(5f5dd08795363b04f8b9c1c6f2ca0ade) Importer(815301076,1909f56bfc062723c751e8b465ee728b)
Start importing Assets/Brick Project Studio/Apartment Kit/_BPS Basic Assets/_Prefabs/Common/Textures/Basic Asset/BA_Metal_Brushed_01_A.png using Guid(5f5dd08795363b04f8b9c1c6f2ca0ade) Importer(815301076,1909f56bfc062723c751e8b465ee728b)  -> (artifact id: 'be2fe496ded97c2a2ad1d8ce33a63848') in 0.023726 seconds
Number of updated asset objects reloaded before import = 0
Number of asset objects unloaded after import = 2
========================================================================
Received Import Request.
  Time since last request: 0.000022 seconds.
  path: Assets/Brick Project Studio/Apartment Kit/_BPS Basic Assets/_Prefabs/Common/Textures/Basic Asset/BA_Marble_01_A.png
  artifactKey: Guid(533e69acad2a4a24fb387ac1f4a2548f) Importer(815301076,1909f56bfc062723c751e8b465ee728b)
Start importing Assets/Brick Project Studio/Apartment Kit/_BPS Basic Assets/_Prefabs/Common/Textures/Basic Asset/BA_Marble_01_A.png using Guid(533e69acad2a4a24fb387ac1f4a2548f) Importer(815301076,1909f56bfc062723c751e8b465ee728b)  -> (artifact id: 'eec1b789a901d8ea0423641fb5de61cd') in 0.018036 seconds
Number of updated asset objects reloaded before import = 0
Number of asset objects unloaded after import = 2
========================================================================
Received Import Request.
  Time since last request: 3.119955 seconds.
  path: Assets/Brick Project Studio/Apartment Kit/_BPS Basic Assets/_Prefabs/Common/Textures/Legacy/Brick 02 Mute Texture.png
  artifactKey: Guid(4ecef430efc993d4f807f6b076c16aca) Importer(815301076,1909f56bfc062723c751e8b465ee728b)
Start importing Assets/Brick Project Studio/Apartment Kit/_BPS Basic Assets/_Prefabs/Common/Textures/Legacy/Brick 02 Mute Texture.png using Guid(4ecef430efc993d4f807f6b076c16aca) Importer(815301076,1909f56bfc062723c751e8b465ee728b)  -> (artifact id: 'be4513b2a528f1d2760b8a486c0e2e9a') in 0.015176 seconds
Number of updated asset objects reloaded before import = 0
Number of asset objects unloaded after import = 2
========================================================================
Received Import Request.
  Time since last request: 0.000019 seconds.
  path: Assets/Brick Project Studio/Apartment Kit/_BPS Basic Assets/_Prefabs/Common/Textures/Legacy/Brick 02 Texture.png
  artifactKey: Guid(91e6f6bf45b72bd478b59dcf22714424) Importer(815301076,1909f56bfc062723c751e8b465ee728b)
Start importing Assets/Brick Project Studio/Apartment Kit/_BPS Basic Assets/_Prefabs/Common/Textures/Legacy/Brick 02 Texture.png using Guid(91e6f6bf45b72bd478b59dcf22714424) Importer(815301076,1909f56bfc062723c751e8b465ee728b)  -> (artifact id: '1813484a228fa518d57ace662a826fd2') in 0.015537 seconds
Number of updated asset objects reloaded before import = 0
Number of asset objects unloaded after import = 2
========================================================================
Received Import Request.
  Time since last request: 0.000016 seconds.
  path: Assets/Brick Project Studio/Apartment Kit/_BPS Basic Assets/_Prefabs/Common/Textures/Legacy/ceiling_normal.png
  artifactKey: Guid(618a287d815fdfe4396cbe668c8296d2) Importer(815301076,1909f56bfc062723c751e8b465ee728b)
Start importing Assets/Brick Project Studio/Apartment Kit/_BPS Basic Assets/_Prefabs/Common/Textures/Legacy/ceiling_normal.png using Guid(618a287d815fdfe4396cbe668c8296d2) Importer(815301076,1909f56bfc062723c751e8b465ee728b)  -> (artifact id: '6550ad8c966f18f389cb4693940b72ab') in 0.017301 seconds
Number of updated asset objects reloaded before import = 0
Number of asset objects unloaded after import = 2
========================================================================
Received Import Request.
  Time since last request: 0.000019 seconds.
  path: Assets/Brick Project Studio/Apartment Kit/_BPS Basic Assets/_Prefabs/Common/Textures/Legacy/Concrete-normal.png
  artifactKey: Guid(7e190a8bc0493c547a469963af75222c) Importer(815301076,1909f56bfc062723c751e8b465ee728b)
Start importing Assets/Brick Project Studio/Apartment Kit/_BPS Basic Assets/_Prefabs/Common/Textures/Legacy/Concrete-normal.png using Guid(7e190a8bc0493c547a469963af75222c) Importer(815301076,1909f56bfc062723c751e8b465ee728b)  -> (artifact id: '107b825ec32944425ce675575364dd9d') in 0.016758 seconds
Number of updated asset objects reloaded before import = 0
Number of asset objects unloaded after import = 2
